[0.009s] Invoking command in '/home/tayya/path_planning_A*/build/path_planning_robot': CMAKE_PREFIX_PATH=${CMAKE_PREFIX_PATH}:/opt/ros/humble /usr/bin/cmake --build /home/tayya/path_planning_A*/build/path_planning_robot -- -j8 -l8
[0.060s] [ 50%] [32mBuilding CXX object CMakeFiles/occupancy_map_publisher.dir/src/occupancy_map_publisher.cpp.o[0m
[2.041s] [01m[K/home/tayya/path_planning_A*/path_planning_robot/src/occupancy_map_publisher.cpp:[m[K In member function ‘[01m[Kvoid path_planning_robot::OccupancyMapPublisher::createSampleObstacles()[m[K’:
[2.042s] [01m[K/home/tayya/path_planning_A*/path_planning_robot/src/occupancy_map_publisher.cpp:112:37:[m[K [01;35m[Kwarning: [m[Kcomparison of integer expressions of different signedness: ‘[01m[Kint[m[K’ and ‘[01m[Kuint32_t[m[K’ {aka ‘[01m[Kunsigned int[m[K’} [[01;35m[K]8;;https://gcc.gnu.org/onlinedocs/gcc/Warning-Options.html#index-Wsign-compare-Wsign-compare]8;;[m[K]
[2.042s]   112 |     for (int x = grid_width - 15; [01;35m[Kx < grid_width - 15 + square_size[m[K; ++x) {
[2.042s]       |                                   [01;35m[K~~^~~~~~~~~~~~~~~~~~~~~~~~~~~~~~~[m[K
[2.042s] [01m[K/home/tayya/path_planning_A*/path_planning_robot/src/occupancy_map_publisher.cpp:113:42:[m[K [01;35m[Kwarning: [m[Kcomparison of integer expressions of different signedness: ‘[01m[Kint[m[K’ and ‘[01m[Kuint32_t[m[K’ {aka ‘[01m[Kunsigned int[m[K’} [[01;35m[K]8;;https://gcc.gnu.org/onlinedocs/gcc/Warning-Options.html#index-Wsign-compare-Wsign-compare]8;;[m[K]
[2.042s]   113 |         for (int y = grid_height - 15; [01;35m[Ky < grid_height - 15 + square_size[m[K; ++y) {
[2.042s]       |                                        [01;35m[K~~^~~~~~~~~~~~~~~~~~~~~~~~~~~~~~~~[m[K
[3.780s] [100%] [32m[1mLinking CXX executable occupancy_map_publisher[0m
[3.974s] [100%] Built target occupancy_map_publisher
[3.986s] Invoked command in '/home/tayya/path_planning_A*/build/path_planning_robot' returned '0': CMAKE_PREFIX_PATH=${CMAKE_PREFIX_PATH}:/opt/ros/humble /usr/bin/cmake --build /home/tayya/path_planning_A*/build/path_planning_robot -- -j8 -l8
[3.995s] Invoking command in '/home/tayya/path_planning_A*/build/path_planning_robot': CMAKE_PREFIX_PATH=${CMAKE_PREFIX_PATH}:/opt/ros/humble /usr/bin/cmake --install /home/tayya/path_planning_A*/build/path_planning_robot
[4.001s] -- Install configuration: ""
[4.001s] -- Installing: /home/tayya/path_planning_A*/install/path_planning_robot/lib/path_planning_robot/occupancy_map_publisher
[4.002s] -- Set runtime path of "/home/tayya/path_planning_A*/install/path_planning_robot/lib/path_planning_robot/occupancy_map_publisher" to ""
[4.002s] -- Up-to-date: /home/tayya/path_planning_A*/install/path_planning_robot/share/path_planning_robot
[4.002s] -- Up-to-date: /home/tayya/path_planning_A*/install/path_planning_robot/share/path_planning_robot/path_planning_robot
[4.002s] -- Up-to-date: /home/tayya/path_planning_A*/install/path_planning_robot/share/path_planning_robot/path_planning_robot/occupancy_map_publisher.hpp
[4.002s] -- Up-to-date: /home/tayya/path_planning_A*/install/path_planning_robot/share/path_planning_robot/launch
[4.002s] -- Up-to-date: /home/tayya/path_planning_A*/install/path_planning_robot/share/path_planning_robot/launch/map_publisher.launch.py
[4.002s] -- Up-to-date: /home/tayya/path_planning_A*/install/path_planning_robot/share/ament_index/resource_index/package_run_dependencies/path_planning_robot
[4.003s] -- Up-to-date: /home/tayya/path_planning_A*/install/path_planning_robot/share/ament_index/resource_index/parent_prefix_path/path_planning_robot
[4.003s] -- Up-to-date: /home/tayya/path_planning_A*/install/path_planning_robot/share/path_planning_robot/environment/ament_prefix_path.sh
[4.003s] -- Up-to-date: /home/tayya/path_planning_A*/install/path_planning_robot/share/path_planning_robot/environment/ament_prefix_path.dsv
[4.003s] -- Up-to-date: /home/tayya/path_planning_A*/install/path_planning_robot/share/path_planning_robot/environment/path.sh
[4.003s] -- Up-to-date: /home/tayya/path_planning_A*/install/path_planning_robot/share/path_planning_robot/environment/path.dsv
[4.003s] -- Up-to-date: /home/tayya/path_planning_A*/install/path_planning_robot/share/path_planning_robot/local_setup.bash
[4.003s] -- Up-to-date: /home/tayya/path_planning_A*/install/path_planning_robot/share/path_planning_robot/local_setup.sh
[4.003s] -- Up-to-date: /home/tayya/path_planning_A*/install/path_planning_robot/share/path_planning_robot/local_setup.zsh
[4.003s] -- Up-to-date: /home/tayya/path_planning_A*/install/path_planning_robot/share/path_planning_robot/local_setup.dsv
[4.003s] -- Installing: /home/tayya/path_planning_A*/install/path_planning_robot/share/path_planning_robot/package.dsv
[4.004s] -- Up-to-date: /home/tayya/path_planning_A*/install/path_planning_robot/share/ament_index/resource_index/packages/path_planning_robot
[4.004s] -- Up-to-date: /home/tayya/path_planning_A*/install/path_planning_robot/share/path_planning_robot/cmake/path_planning_robotConfig.cmake
[4.004s] -- Up-to-date: /home/tayya/path_planning_A*/install/path_planning_robot/share/path_planning_robot/cmake/path_planning_robotConfig-version.cmake
[4.005s] -- Up-to-date: /home/tayya/path_planning_A*/install/path_planning_robot/share/path_planning_robot/package.xml
[4.005s] Invoked command in '/home/tayya/path_planning_A*/build/path_planning_robot' returned '0': CMAKE_PREFIX_PATH=${CMAKE_PREFIX_PATH}:/opt/ros/humble /usr/bin/cmake --install /home/tayya/path_planning_A*/build/path_planning_robot
