[0.009s] Invoking command in '/home/tayya/path_planning_A*/build/path_planning_robot': CMAKE_PREFIX_PATH=${CMAKE_PREFIX_PATH}:/opt/ros/humble /usr/bin/cmake --build /home/tayya/path_planning_A*/build/path_planning_robot -- -j8 -l8
[0.044s] [35m[1mConsolidate compiler generated dependencies of target occupancy_map_publisher[0m
[0.061s] [100%] Built target occupancy_map_publisher
[0.072s] Invoked command in '/home/tayya/path_planning_A*/build/path_planning_robot' returned '0': CMAKE_PREFIX_PATH=${CMAKE_PREFIX_PATH}:/opt/ros/humble /usr/bin/cmake --build /home/tayya/path_planning_A*/build/path_planning_robot -- -j8 -l8
[0.083s] Invoking command in '/home/tayya/path_planning_A*/build/path_planning_robot': CMAKE_PREFIX_PATH=${CMAKE_PREFIX_PATH}:/opt/ros/humble /usr/bin/cmake --install /home/tayya/path_planning_A*/build/path_planning_robot
[0.090s] -- Install configuration: ""
[0.090s] -- Up-to-date: /home/tayya/path_planning_A*/install/path_planning_robot/lib/path_planning_robot/occupancy_map_publisher
[0.090s] -- Up-to-date: /home/tayya/path_planning_A*/install/path_planning_robot/share/path_planning_robot
[0.090s] -- Up-to-date: /home/tayya/path_planning_A*/install/path_planning_robot/share/path_planning_robot/path_planning_robot
[0.090s] -- Up-to-date: /home/tayya/path_planning_A*/install/path_planning_robot/share/path_planning_robot/path_planning_robot/occupancy_map_publisher.hpp
[0.090s] -- Up-to-date: /home/tayya/path_planning_A*/install/path_planning_robot/share/path_planning_robot/launch
[0.090s] -- Installing: /home/tayya/path_planning_A*/install/path_planning_robot/share/path_planning_robot/launch/map_publisher.launch.py
[0.091s] -- Up-to-date: /home/tayya/path_planning_A*/install/path_planning_robot/share/ament_index/resource_index/package_run_dependencies/path_planning_robot
[0.091s] -- Up-to-date: /home/tayya/path_planning_A*/install/path_planning_robot/share/ament_index/resource_index/parent_prefix_path/path_planning_robot
[0.091s] -- Up-to-date: /home/tayya/path_planning_A*/install/path_planning_robot/share/path_planning_robot/environment/ament_prefix_path.sh
[0.091s] -- Up-to-date: /home/tayya/path_planning_A*/install/path_planning_robot/share/path_planning_robot/environment/ament_prefix_path.dsv
[0.091s] -- Up-to-date: /home/tayya/path_planning_A*/install/path_planning_robot/share/path_planning_robot/environment/path.sh
[0.091s] -- Up-to-date: /home/tayya/path_planning_A*/install/path_planning_robot/share/path_planning_robot/environment/path.dsv
[0.091s] -- Up-to-date: /home/tayya/path_planning_A*/install/path_planning_robot/share/path_planning_robot/local_setup.bash
[0.091s] -- Up-to-date: /home/tayya/path_planning_A*/install/path_planning_robot/share/path_planning_robot/local_setup.sh
[0.091s] -- Up-to-date: /home/tayya/path_planning_A*/install/path_planning_robot/share/path_planning_robot/local_setup.zsh
[0.091s] -- Up-to-date: /home/tayya/path_planning_A*/install/path_planning_robot/share/path_planning_robot/local_setup.dsv
[0.091s] -- Installing: /home/tayya/path_planning_A*/install/path_planning_robot/share/path_planning_robot/package.dsv
[0.091s] -- Up-to-date: /home/tayya/path_planning_A*/install/path_planning_robot/share/ament_index/resource_index/packages/path_planning_robot
[0.091s] -- Up-to-date: /home/tayya/path_planning_A*/install/path_planning_robot/share/path_planning_robot/cmake/path_planning_robotConfig.cmake
[0.091s] -- Up-to-date: /home/tayya/path_planning_A*/install/path_planning_robot/share/path_planning_robot/cmake/path_planning_robotConfig-version.cmake
[0.091s] -- Up-to-date: /home/tayya/path_planning_A*/install/path_planning_robot/share/path_planning_robot/package.xml
[0.093s] Invoked command in '/home/tayya/path_planning_A*/build/path_planning_robot' returned '0': CMAKE_PREFIX_PATH=${CMAKE_PREFIX_PATH}:/opt/ros/humble /usr/bin/cmake --install /home/tayya/path_planning_A*/build/path_planning_robot
