[0.100s] DEBUG:colcon:Command line arguments: ['/usr/bin/colcon', 'build']
[0.101s] DEBUG:colcon:Parsed command line arguments: Namespace(log_base=None, log_level=None, verb_name='build', build_base='build', install_base='install', merge_install=False, symlink_install=False, test_result_base=None, continue_on_error=False, executor='parallel', parallel_workers=8, event_handlers=None, ignore_user_meta=False, metas=['./colcon.meta'], base_paths=['.'], packages_ignore=None, packages_ignore_regex=None, paths=None, packages_up_to=None, packages_up_to_regex=None, packages_above=None, packages_above_and_dependencies=None, packages_above_depth=None, packages_select_by_dep=None, packages_skip_by_dep=None, packages_skip_up_to=None, packages_select_build_failed=False, packages_skip_build_finished=False, packages_select_test_failures=False, packages_skip_test_passed=False, packages_select=None, packages_skip=None, packages_select_regex=None, packages_skip_regex=None, packages_start=None, packages_end=None, allow_overriding=[], cmake_args=None, cmake_target=None, cmake_target_skip_unavailable=False, cmake_clean_cache=False, cmake_clean_first=False, cmake_force_configure=False, ament_cmake_args=None, catkin_cmake_args=None, catkin_skip_building_tests=False, mixin_files=None, mixin=None, verb_parser=<colcon_mixin.mixin.mixin_argument.MixinArgumentDecorator object at 0x75cfa621dcf0>, verb_extension=<colcon_core.verb.build.BuildVerb object at 0x75cfa6326c50>, main=<bound method BuildVerb.main of <colcon_core.verb.build.BuildVerb object at 0x75cfa6326c50>>, mixin_verb=('build',))
[0.276s] Level 1:colcon.colcon_core.package_discovery:discover_packages(colcon_meta) check parameters
[0.276s] Level 1:colcon.colcon_core.package_discovery:discover_packages(recursive) check parameters
[0.276s] Level 1:colcon.colcon_core.package_discovery:discover_packages(ignore) check parameters
[0.276s] Level 1:colcon.colcon_core.package_discovery:discover_packages(path) check parameters
[0.276s] Level 1:colcon.colcon_core.package_discovery:discover_packages(colcon_meta) discover
[0.277s] Level 1:colcon.colcon_core.package_discovery:discover_packages(recursive) discover
[0.277s] INFO:colcon.colcon_core.package_discovery:Crawling recursively for packages in '/home/tayya/path_planning_Astar'
[0.277s] Level 1:colcon.colcon_core.package_identification:_identify(.) by extensions ['ignore', 'ignore_ament_install']
[0.277s] Level 1:colcon.colcon_core.package_identification:_identify(.) by extension 'ignore'
[0.277s] Level 1:colcon.colcon_core.package_identification:_identify(.) by extension 'ignore_ament_install'
[0.277s] Level 1:colcon.colcon_core.package_identification:_identify(.) by extensions ['colcon_pkg']
[0.277s] Level 1:colcon.colcon_core.package_identification:_identify(.) by extension 'colcon_pkg'
[0.277s] Level 1:colcon.colcon_core.package_identification:_identify(.) by extensions ['colcon_meta']
[0.277s] Level 1:colcon.colcon_core.package_identification:_identify(.) by extension 'colcon_meta'
[0.277s] Level 1:colcon.colcon_core.package_identification:_identify(.) by extensions ['ros']
[0.277s] Level 1:colcon.colcon_core.package_identification:_identify(.) by extension 'ros'
[0.287s] Level 1:colcon.colcon_core.package_identification:_identify(.) by extensions ['cmake', 'python']
[0.287s] Level 1:colcon.colcon_core.package_identification:_identify(.) by extension 'cmake'
[0.287s] Level 1:colcon.colcon_core.package_identification:_identify(.) by extension 'python'
[0.287s] Level 1:colcon.colcon_core.package_identification:_identify(.) by extensions ['python_setup_py']
[0.287s] Level 1:colcon.colcon_core.package_identification:_identify(.) by extension 'python_setup_py'
[0.287s] Level 1:colcon.colcon_core.package_identification:_identify(build) by extensions ['ignore', 'ignore_ament_install']
[0.287s] Level 1:colcon.colcon_core.package_identification:_identify(build) by extension 'ignore'
[0.288s] Level 1:colcon.colcon_core.package_identification:_identify(build) ignored
[0.288s] Level 1:colcon.colcon_core.package_identification:_identify(install) by extensions ['ignore', 'ignore_ament_install']
[0.288s] Level 1:colcon.colcon_core.package_identification:_identify(install) by extension 'ignore'
[0.288s] Level 1:colcon.colcon_core.package_identification:_identify(install) ignored
[0.288s] Level 1:colcon.colcon_core.package_identification:_identify(log) by extensions ['ignore', 'ignore_ament_install']
[0.288s] Level 1:colcon.colcon_core.package_identification:_identify(log) by extension 'ignore'
[0.288s] Level 1:colcon.colcon_core.package_identification:_identify(log) ignored
[0.288s] Level 1:colcon.colcon_core.package_identification:_identify(path_planning_robot) by extensions ['ignore', 'ignore_ament_install']
[0.288s] Level 1:colcon.colcon_core.package_identification:_identify(path_planning_robot) by extension 'ignore'
[0.288s] Level 1:colcon.colcon_core.package_identification:_identify(path_planning_robot) by extension 'ignore_ament_install'
[0.288s] Level 1:colcon.colcon_core.package_identification:_identify(path_planning_robot) by extensions ['colcon_pkg']
[0.288s] Level 1:colcon.colcon_core.package_identification:_identify(path_planning_robot) by extension 'colcon_pkg'
[0.288s] Level 1:colcon.colcon_core.package_identification:_identify(path_planning_robot) by extensions ['colcon_meta']
[0.289s] Level 1:colcon.colcon_core.package_identification:_identify(path_planning_robot) by extension 'colcon_meta'
[0.289s] Level 1:colcon.colcon_core.package_identification:_identify(path_planning_robot) by extensions ['ros']
[0.289s] Level 1:colcon.colcon_core.package_identification:_identify(path_planning_robot) by extension 'ros'
[0.293s] DEBUG:colcon.colcon_core.package_identification:Package 'path_planning_robot' with type 'ros.ament_cmake' and name 'path_planning_robot'
[0.293s] Level 1:colcon.colcon_core.package_discovery:discover_packages(recursive) using defaults
[0.293s] Level 1:colcon.colcon_core.package_discovery:discover_packages(ignore) discover
[0.293s] Level 1:colcon.colcon_core.package_discovery:discover_packages(ignore) using defaults
[0.293s] Level 1:colcon.colcon_core.package_discovery:discover_packages(path) discover
[0.293s] Level 1:colcon.colcon_core.package_discovery:discover_packages(path) using defaults
[0.320s] Level 1:colcon.colcon_core.package_discovery:discover_packages(prefix_path) check parameters
[0.321s] Level 1:colcon.colcon_core.package_discovery:discover_packages(prefix_path) discover
[0.322s] DEBUG:colcon.colcon_installed_package_information.package_discovery:Found 1 installed packages in /home/tayya/path_planning_Astar/install
[0.323s] DEBUG:colcon.colcon_installed_package_information.package_discovery:Found 280 installed packages in /opt/ros/humble
[0.325s] Level 1:colcon.colcon_core.package_discovery:discover_packages(prefix_path) using defaults
[0.358s] Level 5:colcon.colcon_core.verb:set package 'path_planning_robot' build argument 'cmake_args' from command line to 'None'
[0.358s] Level 5:colcon.colcon_core.verb:set package 'path_planning_robot' build argument 'cmake_target' from command line to 'None'
[0.358s] Level 5:colcon.colcon_core.verb:set package 'path_planning_robot' build argument 'cmake_target_skip_unavailable' from command line to 'False'
[0.358s] Level 5:colcon.colcon_core.verb:set package 'path_planning_robot' build argument 'cmake_clean_cache' from command line to 'False'
[0.358s] Level 5:colcon.colcon_core.verb:set package 'path_planning_robot' build argument 'cmake_clean_first' from command line to 'False'
[0.358s] Level 5:colcon.colcon_core.verb:set package 'path_planning_robot' build argument 'cmake_force_configure' from command line to 'False'
[0.358s] Level 5:colcon.colcon_core.verb:set package 'path_planning_robot' build argument 'ament_cmake_args' from command line to 'None'
[0.358s] Level 5:colcon.colcon_core.verb:set package 'path_planning_robot' build argument 'catkin_cmake_args' from command line to 'None'
[0.358s] Level 5:colcon.colcon_core.verb:set package 'path_planning_robot' build argument 'catkin_skip_building_tests' from command line to 'False'
[0.358s] DEBUG:colcon.colcon_core.verb:Building package 'path_planning_robot' with the following arguments: {'ament_cmake_args': None, 'build_base': '/home/tayya/path_planning_Astar/build/path_planning_robot', 'catkin_cmake_args': None, 'catkin_skip_building_tests': False, 'cmake_args': None, 'cmake_clean_cache': False, 'cmake_clean_first': False, 'cmake_force_configure': False, 'cmake_target': None, 'cmake_target_skip_unavailable': False, 'install_base': '/home/tayya/path_planning_Astar/install/path_planning_robot', 'merge_install': False, 'path': '/home/tayya/path_planning_Astar/path_planning_robot', 'symlink_install': False, 'test_result_base': None}
[0.358s] INFO:colcon.colcon_core.executor:Executing jobs using 'parallel' executor
[0.360s] DEBUG:colcon.colcon_parallel_executor.executor.parallel:run_until_complete
[0.360s] INFO:colcon.colcon_ros.task.ament_cmake.build:Building ROS package in '/home/tayya/path_planning_Astar/path_planning_robot' with build type 'ament_cmake'
[0.360s] INFO:colcon.colcon_cmake.task.cmake.build:Building CMake package in '/home/tayya/path_planning_Astar/path_planning_robot'
[0.363s] INFO:colcon.colcon_core.plugin_system:Skipping extension 'colcon_core.shell.bat': Not used on non-Windows systems
[0.363s] INFO:colcon.colcon_core.shell:Skip shell extension 'powershell' for command environment: Not usable outside of PowerShell
[0.363s] DEBUG:colcon.colcon_core.shell:Skip shell extension 'dsv' for command environment
[0.374s] DEBUG:colcon.colcon_core.event_handler.log_command:Invoking command in '/home/tayya/path_planning_Astar/build/path_planning_robot': CMAKE_PREFIX_PATH=${CMAKE_PREFIX_PATH}:/opt/ros/humble /usr/bin/cmake --build /home/tayya/path_planning_Astar/build/path_planning_robot -- -j8 -l8
[5.471s] DEBUG:colcon.colcon_core.event_handler.log_command:Invoked command in '/home/tayya/path_planning_Astar/build/path_planning_robot' returned '0': CMAKE_PREFIX_PATH=${CMAKE_PREFIX_PATH}:/opt/ros/humble /usr/bin/cmake --build /home/tayya/path_planning_Astar/build/path_planning_robot -- -j8 -l8
[5.482s] DEBUG:colcon.colcon_core.event_handler.log_command:Invoking command in '/home/tayya/path_planning_Astar/build/path_planning_robot': CMAKE_PREFIX_PATH=${CMAKE_PREFIX_PATH}:/opt/ros/humble /usr/bin/cmake --install /home/tayya/path_planning_Astar/build/path_planning_robot
[5.495s] Level 1:colcon.colcon_core.environment:create_environment_scripts_only(path_planning_robot)
[5.496s] DEBUG:colcon.colcon_core.event_handler.log_command:Invoked command in '/home/tayya/path_planning_Astar/build/path_planning_robot' returned '0': CMAKE_PREFIX_PATH=${CMAKE_PREFIX_PATH}:/opt/ros/humble /usr/bin/cmake --install /home/tayya/path_planning_Astar/build/path_planning_robot
[5.500s] Level 1:colcon.colcon_core.environment:checking '/home/tayya/path_planning_Astar/install/path_planning_robot' for CMake module files
[5.501s] Level 1:colcon.colcon_core.environment:checking '/home/tayya/path_planning_Astar/install/path_planning_robot' for CMake config files
[5.501s] Level 1:colcon.colcon_core.shell:create_environment_hook('path_planning_robot', 'cmake_prefix_path')
[5.502s] INFO:colcon.colcon_core.shell:Creating environment hook '/home/tayya/path_planning_Astar/install/path_planning_robot/share/path_planning_robot/hook/cmake_prefix_path.ps1'
[5.503s] INFO:colcon.colcon_core.shell:Creating environment descriptor '/home/tayya/path_planning_Astar/install/path_planning_robot/share/path_planning_robot/hook/cmake_prefix_path.dsv'
[5.503s] INFO:colcon.colcon_core.shell:Creating environment hook '/home/tayya/path_planning_Astar/install/path_planning_robot/share/path_planning_robot/hook/cmake_prefix_path.sh'
[5.504s] Level 1:colcon.colcon_core.environment:checking '/home/tayya/path_planning_Astar/install/path_planning_robot/lib'
[5.504s] Level 1:colcon.colcon_core.environment:checking '/home/tayya/path_planning_Astar/install/path_planning_robot/bin'
[5.505s] Level 1:colcon.colcon_core.environment:checking '/home/tayya/path_planning_Astar/install/path_planning_robot/lib/pkgconfig/path_planning_robot.pc'
[5.505s] Level 1:colcon.colcon_core.environment:checking '/home/tayya/path_planning_Astar/install/path_planning_robot/lib/python3.10/site-packages'
[5.505s] Level 1:colcon.colcon_core.environment:checking '/home/tayya/path_planning_Astar/install/path_planning_robot/bin'
[5.506s] INFO:colcon.colcon_core.shell:Creating package script '/home/tayya/path_planning_Astar/install/path_planning_robot/share/path_planning_robot/package.ps1'
[5.506s] INFO:colcon.colcon_core.shell:Creating package descriptor '/home/tayya/path_planning_Astar/install/path_planning_robot/share/path_planning_robot/package.dsv'
[5.507s] INFO:colcon.colcon_core.shell:Creating package script '/home/tayya/path_planning_Astar/install/path_planning_robot/share/path_planning_robot/package.sh'
[5.508s] INFO:colcon.colcon_core.shell:Creating package script '/home/tayya/path_planning_Astar/install/path_planning_robot/share/path_planning_robot/package.bash'
[5.508s] INFO:colcon.colcon_core.shell:Creating package script '/home/tayya/path_planning_Astar/install/path_planning_robot/share/path_planning_robot/package.zsh'
[5.509s] Level 1:colcon.colcon_core.environment:create_file_with_runtime_dependencies(/home/tayya/path_planning_Astar/install/path_planning_robot/share/colcon-core/packages/path_planning_robot)
[5.510s] Level 1:colcon.colcon_core.environment:create_environment_scripts_only(path_planning_robot)
[5.510s] Level 1:colcon.colcon_core.environment:checking '/home/tayya/path_planning_Astar/install/path_planning_robot' for CMake module files
[5.510s] Level 1:colcon.colcon_core.environment:checking '/home/tayya/path_planning_Astar/install/path_planning_robot' for CMake config files
[5.511s] Level 1:colcon.colcon_core.shell:create_environment_hook('path_planning_robot', 'cmake_prefix_path')
[5.511s] INFO:colcon.colcon_core.shell:Creating environment hook '/home/tayya/path_planning_Astar/install/path_planning_robot/share/path_planning_robot/hook/cmake_prefix_path.ps1'
[5.512s] INFO:colcon.colcon_core.shell:Creating environment descriptor '/home/tayya/path_planning_Astar/install/path_planning_robot/share/path_planning_robot/hook/cmake_prefix_path.dsv'
[5.512s] INFO:colcon.colcon_core.shell:Creating environment hook '/home/tayya/path_planning_Astar/install/path_planning_robot/share/path_planning_robot/hook/cmake_prefix_path.sh'
[5.513s] Level 1:colcon.colcon_core.environment:checking '/home/tayya/path_planning_Astar/install/path_planning_robot/lib'
[5.513s] Level 1:colcon.colcon_core.environment:checking '/home/tayya/path_planning_Astar/install/path_planning_robot/bin'
[5.513s] Level 1:colcon.colcon_core.environment:checking '/home/tayya/path_planning_Astar/install/path_planning_robot/lib/pkgconfig/path_planning_robot.pc'
[5.513s] Level 1:colcon.colcon_core.environment:checking '/home/tayya/path_planning_Astar/install/path_planning_robot/lib/python3.10/site-packages'
[5.514s] Level 1:colcon.colcon_core.environment:checking '/home/tayya/path_planning_Astar/install/path_planning_robot/bin'
[5.514s] INFO:colcon.colcon_core.shell:Creating package script '/home/tayya/path_planning_Astar/install/path_planning_robot/share/path_planning_robot/package.ps1'
[5.515s] INFO:colcon.colcon_core.shell:Creating package descriptor '/home/tayya/path_planning_Astar/install/path_planning_robot/share/path_planning_robot/package.dsv'
[5.516s] INFO:colcon.colcon_core.shell:Creating package script '/home/tayya/path_planning_Astar/install/path_planning_robot/share/path_planning_robot/package.sh'
[5.516s] INFO:colcon.colcon_core.shell:Creating package script '/home/tayya/path_planning_Astar/install/path_planning_robot/share/path_planning_robot/package.bash'
[5.517s] INFO:colcon.colcon_core.shell:Creating package script '/home/tayya/path_planning_Astar/install/path_planning_robot/share/path_planning_robot/package.zsh'
[5.517s] Level 1:colcon.colcon_core.environment:create_file_with_runtime_dependencies(/home/tayya/path_planning_Astar/install/path_planning_robot/share/colcon-core/packages/path_planning_robot)
[5.518s] DEBUG:colcon.colcon_parallel_executor.executor.parallel:closing loop
[5.519s] DEBUG:colcon.colcon_parallel_executor.executor.parallel:loop closed
[5.519s] DEBUG:colcon.colcon_parallel_executor.executor.parallel:run_until_complete finished with '0'
[5.519s] DEBUG:colcon.colcon_core.event_reactor:joining thread
[5.525s] INFO:colcon.colcon_core.plugin_system:Skipping extension 'colcon_notification.desktop_notification.terminal_notifier': Not used on non-Darwin systems
[5.526s] INFO:colcon.colcon_core.plugin_system:Skipping extension 'colcon_notification.desktop_notification.win32': Not used on non-Windows systems
[5.526s] INFO:colcon.colcon_notification.desktop_notification:Sending desktop notification using 'notify2'
[5.539s] DEBUG:colcon.colcon_core.event_reactor:joined thread
[5.539s] INFO:colcon.colcon_core.shell:Creating prefix script '/home/tayya/path_planning_Astar/install/local_setup.ps1'
[5.541s] INFO:colcon.colcon_core.shell:Creating prefix util module '/home/tayya/path_planning_Astar/install/_local_setup_util_ps1.py'
[5.544s] INFO:colcon.colcon_core.shell:Creating prefix chain script '/home/tayya/path_planning_Astar/install/setup.ps1'
[5.546s] INFO:colcon.colcon_core.shell:Creating prefix script '/home/tayya/path_planning_Astar/install/local_setup.sh'
[5.547s] INFO:colcon.colcon_core.shell:Creating prefix util module '/home/tayya/path_planning_Astar/install/_local_setup_util_sh.py'
[5.548s] INFO:colcon.colcon_core.shell:Creating prefix chain script '/home/tayya/path_planning_Astar/install/setup.sh'
[5.549s] INFO:colcon.colcon_core.shell:Creating prefix script '/home/tayya/path_planning_Astar/install/local_setup.bash'
[5.550s] INFO:colcon.colcon_core.shell:Creating prefix chain script '/home/tayya/path_planning_Astar/install/setup.bash'
[5.551s] INFO:colcon.colcon_core.shell:Creating prefix script '/home/tayya/path_planning_Astar/install/local_setup.zsh'
[5.552s] INFO:colcon.colcon_core.shell:Creating prefix chain script '/home/tayya/path_planning_Astar/install/setup.zsh'
