[0.099s] DEBUG:colcon:Command line arguments: ['/usr/bin/colcon', 'build']
[0.099s] DEBUG:colcon:Parsed command line arguments: Namespace(log_base=None, log_level=None, verb_name='build', build_base='build', install_base='install', merge_install=False, symlink_install=False, test_result_base=None, continue_on_error=False, executor='parallel', parallel_workers=8, event_handlers=None, ignore_user_meta=False, metas=['./colcon.meta'], base_paths=['.'], packages_ignore=None, packages_ignore_regex=None, paths=None, packages_up_to=None, packages_up_to_regex=None, packages_above=None, packages_above_and_dependencies=None, packages_above_depth=None, packages_select_by_dep=None, packages_skip_by_dep=None, packages_skip_up_to=None, packages_select_build_failed=False, packages_skip_build_finished=False, packages_select_test_failures=False, packages_skip_test_passed=False, packages_select=None, packages_skip=None, packages_select_regex=None, packages_skip_regex=None, packages_start=None, packages_end=None, allow_overriding=[], cmake_args=None, cmake_target=None, cmake_target_skip_unavailable=False, cmake_clean_cache=False, cmake_clean_first=False, cmake_force_configure=False, ament_cmake_args=None, catkin_cmake_args=None, catkin_skip_building_tests=False, mixin_files=None, mixin=None, verb_parser=<colcon_mixin.mixin.mixin_argument.MixinArgumentDecorator object at 0x75bc28f39cf0>, verb_extension=<colcon_core.verb.build.BuildVerb object at 0x75bc29042c50>, main=<bound method BuildVerb.main of <colcon_core.verb.build.BuildVerb object at 0x75bc29042c50>>, mixin_verb=('build',))
[0.258s] Level 1:colcon.colcon_core.package_discovery:discover_packages(colcon_meta) check parameters
[0.259s] Level 1:colcon.colcon_core.package_discovery:discover_packages(recursive) check parameters
[0.259s] Level 1:colcon.colcon_core.package_discovery:discover_packages(ignore) check parameters
[0.259s] Level 1:colcon.colcon_core.package_discovery:discover_packages(path) check parameters
[0.259s] Level 1:colcon.colcon_core.package_discovery:discover_packages(colcon_meta) discover
[0.259s] Level 1:colcon.colcon_core.package_discovery:discover_packages(recursive) discover
[0.259s] INFO:colcon.colcon_core.package_discovery:Crawling recursively for packages in '/home/tayya/path_planning_Astar'
[0.259s] Level 1:colcon.colcon_core.package_identification:_identify(.) by extensions ['ignore', 'ignore_ament_install']
[0.259s] Level 1:colcon.colcon_core.package_identification:_identify(.) by extension 'ignore'
[0.259s] Level 1:colcon.colcon_core.package_identification:_identify(.) by extension 'ignore_ament_install'
[0.259s] Level 1:colcon.colcon_core.package_identification:_identify(.) by extensions ['colcon_pkg']
[0.259s] Level 1:colcon.colcon_core.package_identification:_identify(.) by extension 'colcon_pkg'
[0.259s] Level 1:colcon.colcon_core.package_identification:_identify(.) by extensions ['colcon_meta']
[0.259s] Level 1:colcon.colcon_core.package_identification:_identify(.) by extension 'colcon_meta'
[0.259s] Level 1:colcon.colcon_core.package_identification:_identify(.) by extensions ['ros']
[0.259s] Level 1:colcon.colcon_core.package_identification:_identify(.) by extension 'ros'
[0.269s] Level 1:colcon.colcon_core.package_identification:_identify(.) by extensions ['cmake', 'python']
[0.269s] Level 1:colcon.colcon_core.package_identification:_identify(.) by extension 'cmake'
[0.269s] Level 1:colcon.colcon_core.package_identification:_identify(.) by extension 'python'
[0.269s] Level 1:colcon.colcon_core.package_identification:_identify(.) by extensions ['python_setup_py']
[0.269s] Level 1:colcon.colcon_core.package_identification:_identify(.) by extension 'python_setup_py'
[0.269s] Level 1:colcon.colcon_core.package_identification:_identify(build) by extensions ['ignore', 'ignore_ament_install']
[0.269s] Level 1:colcon.colcon_core.package_identification:_identify(build) by extension 'ignore'
[0.270s] Level 1:colcon.colcon_core.package_identification:_identify(build) ignored
[0.270s] Level 1:colcon.colcon_core.package_identification:_identify(install) by extensions ['ignore', 'ignore_ament_install']
[0.270s] Level 1:colcon.colcon_core.package_identification:_identify(install) by extension 'ignore'
[0.270s] Level 1:colcon.colcon_core.package_identification:_identify(install) ignored
[0.270s] Level 1:colcon.colcon_core.package_identification:_identify(log) by extensions ['ignore', 'ignore_ament_install']
[0.270s] Level 1:colcon.colcon_core.package_identification:_identify(log) by extension 'ignore'
[0.270s] Level 1:colcon.colcon_core.package_identification:_identify(log) ignored
[0.270s] Level 1:colcon.colcon_core.package_identification:_identify(path_planning_robot) by extensions ['ignore', 'ignore_ament_install']
[0.270s] Level 1:colcon.colcon_core.package_identification:_identify(path_planning_robot) by extension 'ignore'
[0.270s] Level 1:colcon.colcon_core.package_identification:_identify(path_planning_robot) by extension 'ignore_ament_install'
[0.270s] Level 1:colcon.colcon_core.package_identification:_identify(path_planning_robot) by extensions ['colcon_pkg']
[0.270s] Level 1:colcon.colcon_core.package_identification:_identify(path_planning_robot) by extension 'colcon_pkg'
[0.270s] Level 1:colcon.colcon_core.package_identification:_identify(path_planning_robot) by extensions ['colcon_meta']
[0.271s] Level 1:colcon.colcon_core.package_identification:_identify(path_planning_robot) by extension 'colcon_meta'
[0.271s] Level 1:colcon.colcon_core.package_identification:_identify(path_planning_robot) by extensions ['ros']
[0.271s] Level 1:colcon.colcon_core.package_identification:_identify(path_planning_robot) by extension 'ros'
[0.275s] DEBUG:colcon.colcon_core.package_identification:Package 'path_planning_robot' with type 'ros.ament_cmake' and name 'path_planning_robot'
[0.275s] Level 1:colcon.colcon_core.package_discovery:discover_packages(recursive) using defaults
[0.275s] Level 1:colcon.colcon_core.package_discovery:discover_packages(ignore) discover
[0.275s] Level 1:colcon.colcon_core.package_discovery:discover_packages(ignore) using defaults
[0.275s] Level 1:colcon.colcon_core.package_discovery:discover_packages(path) discover
[0.275s] Level 1:colcon.colcon_core.package_discovery:discover_packages(path) using defaults
[0.301s] Level 1:colcon.colcon_core.package_discovery:discover_packages(prefix_path) check parameters
[0.301s] Level 1:colcon.colcon_core.package_discovery:discover_packages(prefix_path) discover
[0.303s] DEBUG:colcon.colcon_installed_package_information.package_discovery:Found 1 installed packages in /home/tayya/path_planning_Astar/install
[0.304s] DEBUG:colcon.colcon_installed_package_information.package_discovery:Found 280 installed packages in /opt/ros/humble
[0.305s] Level 1:colcon.colcon_core.package_discovery:discover_packages(prefix_path) using defaults
[0.338s] Level 5:colcon.colcon_core.verb:set package 'path_planning_robot' build argument 'cmake_args' from command line to 'None'
[0.338s] Level 5:colcon.colcon_core.verb:set package 'path_planning_robot' build argument 'cmake_target' from command line to 'None'
[0.338s] Level 5:colcon.colcon_core.verb:set package 'path_planning_robot' build argument 'cmake_target_skip_unavailable' from command line to 'False'
[0.338s] Level 5:colcon.colcon_core.verb:set package 'path_planning_robot' build argument 'cmake_clean_cache' from command line to 'False'
[0.338s] Level 5:colcon.colcon_core.verb:set package 'path_planning_robot' build argument 'cmake_clean_first' from command line to 'False'
[0.338s] Level 5:colcon.colcon_core.verb:set package 'path_planning_robot' build argument 'cmake_force_configure' from command line to 'False'
[0.338s] Level 5:colcon.colcon_core.verb:set package 'path_planning_robot' build argument 'ament_cmake_args' from command line to 'None'
[0.338s] Level 5:colcon.colcon_core.verb:set package 'path_planning_robot' build argument 'catkin_cmake_args' from command line to 'None'
[0.338s] Level 5:colcon.colcon_core.verb:set package 'path_planning_robot' build argument 'catkin_skip_building_tests' from command line to 'False'
[0.338s] DEBUG:colcon.colcon_core.verb:Building package 'path_planning_robot' with the following arguments: {'ament_cmake_args': None, 'build_base': '/home/tayya/path_planning_Astar/build/path_planning_robot', 'catkin_cmake_args': None, 'catkin_skip_building_tests': False, 'cmake_args': None, 'cmake_clean_cache': False, 'cmake_clean_first': False, 'cmake_force_configure': False, 'cmake_target': None, 'cmake_target_skip_unavailable': False, 'install_base': '/home/tayya/path_planning_Astar/install/path_planning_robot', 'merge_install': False, 'path': '/home/tayya/path_planning_Astar/path_planning_robot', 'symlink_install': False, 'test_result_base': None}
[0.338s] INFO:colcon.colcon_core.executor:Executing jobs using 'parallel' executor
[0.339s] DEBUG:colcon.colcon_parallel_executor.executor.parallel:run_until_complete
[0.340s] INFO:colcon.colcon_ros.task.ament_cmake.build:Building ROS package in '/home/tayya/path_planning_Astar/path_planning_robot' with build type 'ament_cmake'
[0.340s] INFO:colcon.colcon_cmake.task.cmake.build:Building CMake package in '/home/tayya/path_planning_Astar/path_planning_robot'
[0.342s] INFO:colcon.colcon_core.plugin_system:Skipping extension 'colcon_core.shell.bat': Not used on non-Windows systems
[0.342s] INFO:colcon.colcon_core.shell:Skip shell extension 'powershell' for command environment: Not usable outside of PowerShell
[0.343s] DEBUG:colcon.colcon_core.shell:Skip shell extension 'dsv' for command environment
[0.353s] DEBUG:colcon.colcon_core.event_handler.log_command:Invoking command in '/home/tayya/path_planning_Astar/build/path_planning_robot': CMAKE_PREFIX_PATH=${CMAKE_PREFIX_PATH}:/opt/ros/humble /usr/bin/cmake --build /home/tayya/path_planning_Astar/build/path_planning_robot -- -j8 -l8
[10.374s] DEBUG:colcon.colcon_core.event_handler.log_command:Invoked command in '/home/tayya/path_planning_Astar/build/path_planning_robot' returned '0': CMAKE_PREFIX_PATH=${CMAKE_PREFIX_PATH}:/opt/ros/humble /usr/bin/cmake --build /home/tayya/path_planning_Astar/build/path_planning_robot -- -j8 -l8
[10.386s] DEBUG:colcon.colcon_core.event_handler.log_command:Invoking command in '/home/tayya/path_planning_Astar/build/path_planning_robot': CMAKE_PREFIX_PATH=${CMAKE_PREFIX_PATH}:/opt/ros/humble /usr/bin/cmake --install /home/tayya/path_planning_Astar/build/path_planning_robot
[10.404s] Level 1:colcon.colcon_core.environment:create_environment_scripts_only(path_planning_robot)
[10.404s] DEBUG:colcon.colcon_core.event_handler.log_command:Invoked command in '/home/tayya/path_planning_Astar/build/path_planning_robot' returned '0': CMAKE_PREFIX_PATH=${CMAKE_PREFIX_PATH}:/opt/ros/humble /usr/bin/cmake --install /home/tayya/path_planning_Astar/build/path_planning_robot
[10.408s] Level 1:colcon.colcon_core.environment:checking '/home/tayya/path_planning_Astar/install/path_planning_robot' for CMake module files
[10.409s] Level 1:colcon.colcon_core.environment:checking '/home/tayya/path_planning_Astar/install/path_planning_robot' for CMake config files
[10.409s] Level 1:colcon.colcon_core.shell:create_environment_hook('path_planning_robot', 'cmake_prefix_path')
[10.410s] INFO:colcon.colcon_core.shell:Creating environment hook '/home/tayya/path_planning_Astar/install/path_planning_robot/share/path_planning_robot/hook/cmake_prefix_path.ps1'
[10.410s] INFO:colcon.colcon_core.shell:Creating environment descriptor '/home/tayya/path_planning_Astar/install/path_planning_robot/share/path_planning_robot/hook/cmake_prefix_path.dsv'
[10.411s] INFO:colcon.colcon_core.shell:Creating environment hook '/home/tayya/path_planning_Astar/install/path_planning_robot/share/path_planning_robot/hook/cmake_prefix_path.sh'
[10.412s] Level 1:colcon.colcon_core.environment:checking '/home/tayya/path_planning_Astar/install/path_planning_robot/lib'
[10.412s] Level 1:colcon.colcon_core.environment:checking '/home/tayya/path_planning_Astar/install/path_planning_robot/bin'
[10.412s] Level 1:colcon.colcon_core.environment:checking '/home/tayya/path_planning_Astar/install/path_planning_robot/lib/pkgconfig/path_planning_robot.pc'
[10.413s] Level 1:colcon.colcon_core.environment:checking '/home/tayya/path_planning_Astar/install/path_planning_robot/lib/python3.10/site-packages'
[10.413s] Level 1:colcon.colcon_core.environment:checking '/home/tayya/path_planning_Astar/install/path_planning_robot/bin'
[10.413s] INFO:colcon.colcon_core.shell:Creating package script '/home/tayya/path_planning_Astar/install/path_planning_robot/share/path_planning_robot/package.ps1'
[10.414s] INFO:colcon.colcon_core.shell:Creating package descriptor '/home/tayya/path_planning_Astar/install/path_planning_robot/share/path_planning_robot/package.dsv'
[10.415s] INFO:colcon.colcon_core.shell:Creating package script '/home/tayya/path_planning_Astar/install/path_planning_robot/share/path_planning_robot/package.sh'
[10.415s] INFO:colcon.colcon_core.shell:Creating package script '/home/tayya/path_planning_Astar/install/path_planning_robot/share/path_planning_robot/package.bash'
[10.416s] INFO:colcon.colcon_core.shell:Creating package script '/home/tayya/path_planning_Astar/install/path_planning_robot/share/path_planning_robot/package.zsh'
[10.417s] Level 1:colcon.colcon_core.environment:create_file_with_runtime_dependencies(/home/tayya/path_planning_Astar/install/path_planning_robot/share/colcon-core/packages/path_planning_robot)
[10.418s] Level 1:colcon.colcon_core.environment:create_environment_scripts_only(path_planning_robot)
[10.418s] Level 1:colcon.colcon_core.environment:checking '/home/tayya/path_planning_Astar/install/path_planning_robot' for CMake module files
[10.418s] Level 1:colcon.colcon_core.environment:checking '/home/tayya/path_planning_Astar/install/path_planning_robot' for CMake config files
[10.419s] Level 1:colcon.colcon_core.shell:create_environment_hook('path_planning_robot', 'cmake_prefix_path')
[10.419s] INFO:colcon.colcon_core.shell:Creating environment hook '/home/tayya/path_planning_Astar/install/path_planning_robot/share/path_planning_robot/hook/cmake_prefix_path.ps1'
[10.419s] INFO:colcon.colcon_core.shell:Creating environment descriptor '/home/tayya/path_planning_Astar/install/path_planning_robot/share/path_planning_robot/hook/cmake_prefix_path.dsv'
[10.420s] INFO:colcon.colcon_core.shell:Creating environment hook '/home/tayya/path_planning_Astar/install/path_planning_robot/share/path_planning_robot/hook/cmake_prefix_path.sh'
[10.420s] Level 1:colcon.colcon_core.environment:checking '/home/tayya/path_planning_Astar/install/path_planning_robot/lib'
[10.420s] Level 1:colcon.colcon_core.environment:checking '/home/tayya/path_planning_Astar/install/path_planning_robot/bin'
[10.421s] Level 1:colcon.colcon_core.environment:checking '/home/tayya/path_planning_Astar/install/path_planning_robot/lib/pkgconfig/path_planning_robot.pc'
[10.421s] Level 1:colcon.colcon_core.environment:checking '/home/tayya/path_planning_Astar/install/path_planning_robot/lib/python3.10/site-packages'
[10.421s] Level 1:colcon.colcon_core.environment:checking '/home/tayya/path_planning_Astar/install/path_planning_robot/bin'
[10.422s] INFO:colcon.colcon_core.shell:Creating package script '/home/tayya/path_planning_Astar/install/path_planning_robot/share/path_planning_robot/package.ps1'
[10.423s] INFO:colcon.colcon_core.shell:Creating package descriptor '/home/tayya/path_planning_Astar/install/path_planning_robot/share/path_planning_robot/package.dsv'
[10.423s] INFO:colcon.colcon_core.shell:Creating package script '/home/tayya/path_planning_Astar/install/path_planning_robot/share/path_planning_robot/package.sh'
[10.424s] INFO:colcon.colcon_core.shell:Creating package script '/home/tayya/path_planning_Astar/install/path_planning_robot/share/path_planning_robot/package.bash'
[10.424s] INFO:colcon.colcon_core.shell:Creating package script '/home/tayya/path_planning_Astar/install/path_planning_robot/share/path_planning_robot/package.zsh'
[10.425s] Level 1:colcon.colcon_core.environment:create_file_with_runtime_dependencies(/home/tayya/path_planning_Astar/install/path_planning_robot/share/colcon-core/packages/path_planning_robot)
[10.425s] DEBUG:colcon.colcon_parallel_executor.executor.parallel:closing loop
[10.426s] DEBUG:colcon.colcon_parallel_executor.executor.parallel:loop closed
[10.426s] DEBUG:colcon.colcon_parallel_executor.executor.parallel:run_until_complete finished with '0'
[10.426s] DEBUG:colcon.colcon_core.event_reactor:joining thread
[10.431s] INFO:colcon.colcon_core.plugin_system:Skipping extension 'colcon_notification.desktop_notification.terminal_notifier': Not used on non-Darwin systems
[10.432s] INFO:colcon.colcon_core.plugin_system:Skipping extension 'colcon_notification.desktop_notification.win32': Not used on non-Windows systems
[10.432s] INFO:colcon.colcon_notification.desktop_notification:Sending desktop notification using 'notify2'
[10.444s] DEBUG:colcon.colcon_core.event_reactor:joined thread
[10.445s] INFO:colcon.colcon_core.shell:Creating prefix script '/home/tayya/path_planning_Astar/install/local_setup.ps1'
[10.447s] INFO:colcon.colcon_core.shell:Creating prefix util module '/home/tayya/path_planning_Astar/install/_local_setup_util_ps1.py'
[10.451s] INFO:colcon.colcon_core.shell:Creating prefix chain script '/home/tayya/path_planning_Astar/install/setup.ps1'
[10.453s] INFO:colcon.colcon_core.shell:Creating prefix script '/home/tayya/path_planning_Astar/install/local_setup.sh'
[10.455s] INFO:colcon.colcon_core.shell:Creating prefix util module '/home/tayya/path_planning_Astar/install/_local_setup_util_sh.py'
[10.456s] INFO:colcon.colcon_core.shell:Creating prefix chain script '/home/tayya/path_planning_Astar/install/setup.sh'
[10.457s] INFO:colcon.colcon_core.shell:Creating prefix script '/home/tayya/path_planning_Astar/install/local_setup.bash'
[10.458s] INFO:colcon.colcon_core.shell:Creating prefix chain script '/home/tayya/path_planning_Astar/install/setup.bash'
[10.460s] INFO:colcon.colcon_core.shell:Creating prefix script '/home/tayya/path_planning_Astar/install/local_setup.zsh'
[10.461s] INFO:colcon.colcon_core.shell:Creating prefix chain script '/home/tayya/path_planning_Astar/install/setup.zsh'
