[0.029s] Invoking command in '/home/tayya/path_planning_Astar/build/path_planning_robot': CMAKE_PREFIX_PATH=/opt/ros/humble /usr/bin/cmake --build /home/tayya/path_planning_Astar/build/path_planning_robot -- -j8 -l8
[0.135s] [35m[1mConsolidate compiler generated dependencies of target a_star_planner[0m
[0.177s] [ 50%] Built target occupancy_map_publisher
[0.179s] [ 75%] [32mBuilding CXX object CMakeFiles/a_star_planner.dir/src/a_star_planner.cpp.o[0m
[10.180s] [100%] [32m[1mLinking CXX executable a_star_planner[0m
[10.934s] [100%] Built target a_star_planner
[10.953s] Invoked command in '/home/tayya/path_planning_Astar/build/path_planning_robot' returned '0': CMAKE_PREFIX_PATH=/opt/ros/humble /usr/bin/cmake --build /home/tayya/path_planning_Astar/build/path_planning_robot -- -j8 -l8
[10.971s] Invoking command in '/home/tayya/path_planning_Astar/build/path_planning_robot': CMAKE_PREFIX_PATH=/opt/ros/humble /usr/bin/cmake --install /home/tayya/path_planning_Astar/build/path_planning_robot
[10.992s] -- Install configuration: ""
[10.992s] -- Up-to-date: /home/tayya/path_planning_Astar/install/path_planning_robot/lib/path_planning_robot/occupancy_map_publisher
[10.993s] -- Installing: /home/tayya/path_planning_Astar/install/path_planning_robot/lib/path_planning_robot/a_star_planner
[10.998s] -- Set runtime path of "/home/tayya/path_planning_Astar/install/path_planning_robot/lib/path_planning_robot/a_star_planner" to ""
[10.999s] -- Up-to-date: /home/tayya/path_planning_Astar/install/path_planning_robot/share/path_planning_robot//launch
[10.999s] -- Installing: /home/tayya/path_planning_Astar/install/path_planning_robot/share/path_planning_robot//launch/map_publisher.launch.py
[10.999s] -- Up-to-date: /home/tayya/path_planning_Astar/install/path_planning_robot/share/path_planning_robot//config
[10.999s] -- Up-to-date: /home/tayya/path_planning_Astar/install/path_planning_robot/share/path_planning_robot//config/rviz
[10.999s] -- Installing: /home/tayya/path_planning_Astar/install/path_planning_robot/share/path_planning_robot//config/rviz/map_view.rviz
[10.999s] -- Up-to-date: /home/tayya/path_planning_Astar/install/path_planning_robot/share/ament_index/resource_index/package_run_dependencies/path_planning_robot
[10.999s] -- Up-to-date: /home/tayya/path_planning_Astar/install/path_planning_robot/share/ament_index/resource_index/parent_prefix_path/path_planning_robot
[10.999s] -- Up-to-date: /home/tayya/path_planning_Astar/install/path_planning_robot/share/path_planning_robot/environment/ament_prefix_path.sh
[11.000s] -- Installing: /home/tayya/path_planning_Astar/install/path_planning_robot/share/path_planning_robot/environment/ament_prefix_path.dsv
[11.000s] -- Up-to-date: /home/tayya/path_planning_Astar/install/path_planning_robot/share/path_planning_robot/environment/path.sh
[11.000s] -- Installing: /home/tayya/path_planning_Astar/install/path_planning_robot/share/path_planning_robot/environment/path.dsv
[11.000s] -- Up-to-date: /home/tayya/path_planning_Astar/install/path_planning_robot/share/path_planning_robot/local_setup.bash
[11.000s] -- Up-to-date: /home/tayya/path_planning_Astar/install/path_planning_robot/share/path_planning_robot/local_setup.sh
[11.000s] -- Up-to-date: /home/tayya/path_planning_Astar/install/path_planning_robot/share/path_planning_robot/local_setup.zsh
[11.000s] -- Installing: /home/tayya/path_planning_Astar/install/path_planning_robot/share/path_planning_robot/local_setup.dsv
[11.000s] -- Installing: /home/tayya/path_planning_Astar/install/path_planning_robot/share/path_planning_robot/package.dsv
[11.001s] -- Up-to-date: /home/tayya/path_planning_Astar/install/path_planning_robot/share/ament_index/resource_index/packages/path_planning_robot
[11.001s] -- Up-to-date: /home/tayya/path_planning_Astar/install/path_planning_robot/share/path_planning_robot/cmake/path_planning_robotConfig.cmake
[11.001s] -- Up-to-date: /home/tayya/path_planning_Astar/install/path_planning_robot/share/path_planning_robot/cmake/path_planning_robotConfig-version.cmake
[11.001s] -- Up-to-date: /home/tayya/path_planning_Astar/install/path_planning_robot/share/path_planning_robot/package.xml
[11.003s] Invoked command in '/home/tayya/path_planning_Astar/build/path_planning_robot' returned '0': CMAKE_PREFIX_PATH=/opt/ros/humble /usr/bin/cmake --install /home/tayya/path_planning_Astar/build/path_planning_robot
