[0.008s] Invoking command in '/home/tayya/path_planning_Astar/build/path_planning_robot': CMAKE_PREFIX_PATH=/opt/ros/humble /usr/bin/cmake --build /home/tayya/path_planning_Astar/build/path_planning_robot -- -j8 -l8
[0.043s] [35m[1mConsolidate compiler generated dependencies of target occupancy_map_publisher[0m
[0.054s] [ 50%] Built target a_star_planner
[0.060s] [ 75%] [32mBuilding CXX object CMakeFiles/occupancy_map_publisher.dir/src/occupancy_map_publisher.cpp.o[0m
[4.158s] [100%] [32m[1mLinking CXX executable occupancy_map_publisher[0m
[4.335s] [100%] Built target occupancy_map_publisher
[4.362s] Invoked command in '/home/tayya/path_planning_Astar/build/path_planning_robot' returned '0': CMAKE_PREFIX_PATH=/opt/ros/humble /usr/bin/cmake --build /home/tayya/path_planning_Astar/build/path_planning_robot -- -j8 -l8
[4.373s] Invoking command in '/home/tayya/path_planning_Astar/build/path_planning_robot': CMAKE_PREFIX_PATH=/opt/ros/humble /usr/bin/cmake --install /home/tayya/path_planning_Astar/build/path_planning_robot
[4.382s] -- Install configuration: ""
[4.382s] -- Installing: /home/tayya/path_planning_Astar/install/path_planning_robot/lib/path_planning_robot/occupancy_map_publisher
[4.387s] -- Set runtime path of "/home/tayya/path_planning_Astar/install/path_planning_robot/lib/path_planning_robot/occupancy_map_publisher" to ""
[4.387s] -- Installing: /home/tayya/path_planning_Astar/install/path_planning_robot/lib/path_planning_robot/a_star_planner
[4.389s] -- Set runtime path of "/home/tayya/path_planning_Astar/install/path_planning_robot/lib/path_planning_robot/a_star_planner" to ""
[4.389s] -- Installing: /home/tayya/path_planning_Astar/install/path_planning_robot/share/path_planning_robot//launch
[4.389s] -- Installing: /home/tayya/path_planning_Astar/install/path_planning_robot/share/path_planning_robot//launch/map_publisher.launch.py
[4.389s] -- Installing: /home/tayya/path_planning_Astar/install/path_planning_robot/share/path_planning_robot//config
[4.389s] -- Installing: /home/tayya/path_planning_Astar/install/path_planning_robot/share/path_planning_robot//config/rviz
[4.389s] -- Installing: /home/tayya/path_planning_Astar/install/path_planning_robot/share/path_planning_robot//config/rviz/map_view.rviz
[4.389s] -- Installing: /home/tayya/path_planning_Astar/install/path_planning_robot/share/ament_index/resource_index/package_run_dependencies/path_planning_robot
[4.389s] -- Installing: /home/tayya/path_planning_Astar/install/path_planning_robot/share/ament_index/resource_index/parent_prefix_path/path_planning_robot
[4.390s] -- Installing: /home/tayya/path_planning_Astar/install/path_planning_robot/share/path_planning_robot/environment/ament_prefix_path.sh
[4.390s] -- Installing: /home/tayya/path_planning_Astar/install/path_planning_robot/share/path_planning_robot/environment/ament_prefix_path.dsv
[4.390s] -- Installing: /home/tayya/path_planning_Astar/install/path_planning_robot/share/path_planning_robot/environment/path.sh
[4.390s] -- Installing: /home/tayya/path_planning_Astar/install/path_planning_robot/share/path_planning_robot/environment/path.dsv
[4.391s] -- Installing: /home/tayya/path_planning_Astar/install/path_planning_robot/share/path_planning_robot/local_setup.bash
[4.391s] -- Installing: /home/tayya/path_planning_Astar/install/path_planning_robot/share/path_planning_robot/local_setup.sh
[4.391s] -- Installing: /home/tayya/path_planning_Astar/install/path_planning_robot/share/path_planning_robot/local_setup.zsh
[4.391s] -- Installing: /home/tayya/path_planning_Astar/install/path_planning_robot/share/path_planning_robot/local_setup.dsv
[4.391s] -- Installing: /home/tayya/path_planning_Astar/install/path_planning_robot/share/path_planning_robot/package.dsv
[4.392s] -- Installing: /home/tayya/path_planning_Astar/install/path_planning_robot/share/ament_index/resource_index/packages/path_planning_robot
[4.392s] -- Installing: /home/tayya/path_planning_Astar/install/path_planning_robot/share/path_planning_robot/cmake/path_planning_robotConfig.cmake
[4.392s] -- Installing: /home/tayya/path_planning_Astar/install/path_planning_robot/share/path_planning_robot/cmake/path_planning_robotConfig-version.cmake
[4.392s] -- Installing: /home/tayya/path_planning_Astar/install/path_planning_robot/share/path_planning_robot/package.xml
[4.395s] Invoked command in '/home/tayya/path_planning_Astar/build/path_planning_robot' returned '0': CMAKE_PREFIX_PATH=/opt/ros/humble /usr/bin/cmake --install /home/tayya/path_planning_Astar/build/path_planning_robot
