[0.009s] Invoking command in '/home/tayya/path_planning_Astar/build/path_planning_robot': CMAKE_PREFIX_PATH=${CMAKE_PREFIX_PATH}:/opt/ros/humble /usr/bin/cmake --build /home/tayya/path_planning_Astar/build/path_planning_robot -- -j8 -l8
[0.056s] [100%] Built target a_star_planner
[0.056s] [100%] Built target occupancy_map_publisher
[0.066s] Invoked command in '/home/tayya/path_planning_Astar/build/path_planning_robot' returned '0': CMAKE_PREFIX_PATH=${CMAKE_PREFIX_PATH}:/opt/ros/humble /usr/bin/cmake --build /home/tayya/path_planning_Astar/build/path_planning_robot -- -j8 -l8
[0.074s] Invoking command in '/home/tayya/path_planning_Astar/build/path_planning_robot': CMAKE_PREFIX_PATH=${CMAKE_PREFIX_PATH}:/opt/ros/humble /usr/bin/cmake --install /home/tayya/path_planning_Astar/build/path_planning_robot
[0.080s] -- Install configuration: ""
[0.081s] -- Up-to-date: /home/tayya/path_planning_Astar/install/path_planning_robot/lib/path_planning_robot/occupancy_map_publisher
[0.081s] -- Up-to-date: /home/tayya/path_planning_Astar/install/path_planning_robot/lib/path_planning_robot/a_star_planner
[0.081s] -- Up-to-date: /home/tayya/path_planning_Astar/install/path_planning_robot/share/path_planning_robot//launch
[0.081s] -- Up-to-date: /home/tayya/path_planning_Astar/install/path_planning_robot/share/path_planning_robot//launch/map_publisher.launch.py
[0.081s] -- Up-to-date: /home/tayya/path_planning_Astar/install/path_planning_robot/share/path_planning_robot//config
[0.081s] -- Up-to-date: /home/tayya/path_planning_Astar/install/path_planning_robot/share/path_planning_robot//config/rviz
[0.081s] -- Installing: /home/tayya/path_planning_Astar/install/path_planning_robot/share/path_planning_robot//config/rviz/map_view.rviz
[0.081s] -- Up-to-date: /home/tayya/path_planning_Astar/install/path_planning_robot/share/ament_index/resource_index/package_run_dependencies/path_planning_robot
[0.081s] -- Up-to-date: /home/tayya/path_planning_Astar/install/path_planning_robot/share/ament_index/resource_index/parent_prefix_path/path_planning_robot
[0.081s] -- Up-to-date: /home/tayya/path_planning_Astar/install/path_planning_robot/share/path_planning_robot/environment/ament_prefix_path.sh
[0.082s] -- Up-to-date: /home/tayya/path_planning_Astar/install/path_planning_robot/share/path_planning_robot/environment/ament_prefix_path.dsv
[0.082s] -- Up-to-date: /home/tayya/path_planning_Astar/install/path_planning_robot/share/path_planning_robot/environment/path.sh
[0.082s] -- Up-to-date: /home/tayya/path_planning_Astar/install/path_planning_robot/share/path_planning_robot/environment/path.dsv
[0.082s] -- Up-to-date: /home/tayya/path_planning_Astar/install/path_planning_robot/share/path_planning_robot/local_setup.bash
[0.082s] -- Up-to-date: /home/tayya/path_planning_Astar/install/path_planning_robot/share/path_planning_robot/local_setup.sh
[0.082s] -- Up-to-date: /home/tayya/path_planning_Astar/install/path_planning_robot/share/path_planning_robot/local_setup.zsh
[0.082s] -- Up-to-date: /home/tayya/path_planning_Astar/install/path_planning_robot/share/path_planning_robot/local_setup.dsv
[0.082s] -- Installing: /home/tayya/path_planning_Astar/install/path_planning_robot/share/path_planning_robot/package.dsv
[0.082s] -- Up-to-date: /home/tayya/path_planning_Astar/install/path_planning_robot/share/ament_index/resource_index/packages/path_planning_robot
[0.082s] -- Up-to-date: /home/tayya/path_planning_Astar/install/path_planning_robot/share/path_planning_robot/cmake/path_planning_robotConfig.cmake
[0.082s] -- Up-to-date: /home/tayya/path_planning_Astar/install/path_planning_robot/share/path_planning_robot/cmake/path_planning_robotConfig-version.cmake
[0.083s] -- Up-to-date: /home/tayya/path_planning_Astar/install/path_planning_robot/share/path_planning_robot/package.xml
[0.084s] Invoked command in '/home/tayya/path_planning_Astar/build/path_planning_robot' returned '0': CMAKE_PREFIX_PATH=${CMAKE_PREFIX_PATH}:/opt/ros/humble /usr/bin/cmake --install /home/tayya/path_planning_Astar/build/path_planning_robot
