[0.009s] Invoking command in '/home/tayya/path_planning_Astar/build/path_planning_robot': CMAKE_PREFIX_PATH=${CMAKE_PREFIX_PATH}:/opt/ros/humble /usr/bin/cmake --build /home/tayya/path_planning_Astar/build/path_planning_robot -- -j8 -l8
[0.048s] [35m[1mConsolidate compiler generated dependencies of target occupancy_map_publisher[0m
[0.063s] [ 50%] [32mBuilding CXX object CMakeFiles/occupancy_map_publisher.dir/src/occupancy_map_publisher.cpp.o[0m
[4.455s] [100%] [32m[1mLinking CXX executable occupancy_map_publisher[0m
[4.664s] [100%] Built target occupancy_map_publisher
[4.676s] Invoked command in '/home/tayya/path_planning_Astar/build/path_planning_robot' returned '0': CMAKE_PREFIX_PATH=${CMAKE_PREFIX_PATH}:/opt/ros/humble /usr/bin/cmake --build /home/tayya/path_planning_Astar/build/path_planning_robot -- -j8 -l8
[4.685s] Invoking command in '/home/tayya/path_planning_Astar/build/path_planning_robot': CMAKE_PREFIX_PATH=${CMAKE_PREFIX_PATH}:/opt/ros/humble /usr/bin/cmake --install /home/tayya/path_planning_Astar/build/path_planning_robot
[4.691s] -- Install configuration: ""
[4.691s] -- Installing: /home/tayya/path_planning_Astar/install/path_planning_robot/lib/path_planning_robot/occupancy_map_publisher
[4.692s] -- Set runtime path of "/home/tayya/path_planning_Astar/install/path_planning_robot/lib/path_planning_robot/occupancy_map_publisher" to ""
[4.692s] -- Up-to-date: /home/tayya/path_planning_Astar/install/path_planning_robot/share/path_planning_robot
[4.692s] -- Up-to-date: /home/tayya/path_planning_Astar/install/path_planning_robot/share/path_planning_robot/path_planning_robot
[4.692s] -- Up-to-date: /home/tayya/path_planning_Astar/install/path_planning_robot/share/path_planning_robot/path_planning_robot/occupancy_map_publisher.hpp
[4.693s] -- Up-to-date: /home/tayya/path_planning_Astar/install/path_planning_robot/share/path_planning_robot/launch
[4.693s] -- Up-to-date: /home/tayya/path_planning_Astar/install/path_planning_robot/share/path_planning_robot/launch/map_publisher.launch.py
[4.693s] -- Up-to-date: /home/tayya/path_planning_Astar/install/path_planning_robot/share/ament_index/resource_index/package_run_dependencies/path_planning_robot
[4.693s] -- Up-to-date: /home/tayya/path_planning_Astar/install/path_planning_robot/share/ament_index/resource_index/parent_prefix_path/path_planning_robot
[4.693s] -- Up-to-date: /home/tayya/path_planning_Astar/install/path_planning_robot/share/path_planning_robot/environment/ament_prefix_path.sh
[4.693s] -- Up-to-date: /home/tayya/path_planning_Astar/install/path_planning_robot/share/path_planning_robot/environment/ament_prefix_path.dsv
[4.693s] -- Up-to-date: /home/tayya/path_planning_Astar/install/path_planning_robot/share/path_planning_robot/environment/path.sh
[4.693s] -- Up-to-date: /home/tayya/path_planning_Astar/install/path_planning_robot/share/path_planning_robot/environment/path.dsv
[4.693s] -- Up-to-date: /home/tayya/path_planning_Astar/install/path_planning_robot/share/path_planning_robot/local_setup.bash
[4.693s] -- Up-to-date: /home/tayya/path_planning_Astar/install/path_planning_robot/share/path_planning_robot/local_setup.sh
[4.693s] -- Up-to-date: /home/tayya/path_planning_Astar/install/path_planning_robot/share/path_planning_robot/local_setup.zsh
[4.693s] -- Up-to-date: /home/tayya/path_planning_Astar/install/path_planning_robot/share/path_planning_robot/local_setup.dsv
[4.694s] -- Installing: /home/tayya/path_planning_Astar/install/path_planning_robot/share/path_planning_robot/package.dsv
[4.694s] -- Up-to-date: /home/tayya/path_planning_Astar/install/path_planning_robot/share/ament_index/resource_index/packages/path_planning_robot
[4.694s] -- Up-to-date: /home/tayya/path_planning_Astar/install/path_planning_robot/share/path_planning_robot/cmake/path_planning_robotConfig.cmake
[4.694s] -- Up-to-date: /home/tayya/path_planning_Astar/install/path_planning_robot/share/path_planning_robot/cmake/path_planning_robotConfig-version.cmake
[4.694s] -- Up-to-date: /home/tayya/path_planning_Astar/install/path_planning_robot/share/path_planning_robot/package.xml
[4.695s] Invoked command in '/home/tayya/path_planning_Astar/build/path_planning_robot' returned '0': CMAKE_PREFIX_PATH=${CMAKE_PREFIX_PATH}:/opt/ros/humble /usr/bin/cmake --install /home/tayya/path_planning_Astar/build/path_planning_robot
