[0.009s] Invoking command in '/home/tayya/path_planning_A*/build/path_planning_robot': CMAKE_PREFIX_PATH=/opt/ros/humble /usr/bin/cmake --build /home/tayya/path_planning_A*/build/path_planning_robot -- -j8 -l8
[0.028s] -- Found ament_cmake: 1.3.12 (/opt/ros/humble/share/ament_cmake/cmake)
[0.138s] -- Found rclcpp: 16.0.14 (/opt/ros/humble/share/rclcpp/cmake)
[0.177s] -- Found rosidl_generator_c: 3.1.7 (/opt/ros/humble/share/rosidl_generator_c/cmake)
[0.182s] -- Found rosidl_adapter: 3.1.7 (/opt/ros/humble/share/rosidl_adapter/cmake)
[0.190s] -- Found rosidl_generator_cpp: 3.1.7 (/opt/ros/humble/share/rosidl_generator_cpp/cmake)
[0.202s] -- Using all available rosidl_typesupport_c: rosidl_typesupport_fastrtps_c;rosidl_typesupport_introspection_c
[0.217s] -- Using all available rosidl_typesupport_cpp: rosidl_typesupport_fastrtps_cpp;rosidl_typesupport_introspection_cpp
[0.259s] -- Found rmw_implementation_cmake: 6.1.2 (/opt/ros/humble/share/rmw_implementation_cmake/cmake)
[0.261s] -- Found rmw_fastrtps_cpp: 6.2.8 (/opt/ros/humble/share/rmw_fastrtps_cpp/cmake)
[0.334s] -- Found OpenSSL: /usr/lib/x86_64-linux-gnu/libcrypto.so (found version "3.0.2")  
[0.356s] -- Found FastRTPS: /opt/ros/humble/include  
[0.415s] -- Using RMW implementation 'rmw_fastrtps_cpp' as default
[0.444s] -- Looking for pthread.h
[0.539s] -- Looking for pthread.h - found
[0.539s] -- Performing Test CMAKE_HAVE_LIBC_PTHREAD
[0.607s] -- Performing Test CMAKE_HAVE_LIBC_PTHREAD - Success
[0.608s] -- Found Threads: TRUE  
[0.658s] -- Found geometry_msgs: 4.9.0 (/opt/ros/humble/share/geometry_msgs/cmake)
[0.672s] -- Found nav_msgs: 4.9.0 (/opt/ros/humble/share/nav_msgs/cmake)
[0.689s] -- Found tf2: 0.25.15 (/opt/ros/humble/share/tf2/cmake)
[0.698s] -- Found tf2_ros: 0.25.15 (/opt/ros/humble/share/tf2_ros/cmake)
[0.785s] -- Found tf2_geometry_msgs: 0.25.15 (/opt/ros/humble/share/tf2_geometry_msgs/cmake)
[0.796s] -- Found eigen3_cmake_module: 0.1.1 (/opt/ros/humble/share/eigen3_cmake_module/cmake)
[0.798s] -- Found Eigen3: TRUE (found version "3.4.0") 
[0.798s] -- Ensuring Eigen3 include directory is part of orocos-kdl CMake target
[0.800s] -- Found ament_lint_auto: 0.12.14 (/opt/ros/humble/share/ament_lint_auto/cmake)
[0.861s] -- Added test 'cppcheck' to perform static code analysis on C / C++ code
[0.861s] -- Configured cppcheck include dirs: 
[0.861s] -- Configured cppcheck exclude dirs and/or files: 
[0.861s] -- Added test 'flake8' to check Python code syntax and style conventions
[0.862s] -- Added test 'lint_cmake' to check CMake code style
[0.862s] -- Added test 'pep257' to check Python code against some of the docstring style conventions in PEP 257
[0.863s] -- Added test 'uncrustify' to check C / C++ code style
[0.864s] -- Configured uncrustify additional arguments: 
[0.864s] -- Added test 'xmllint' to check XML markup files
[0.865s] -- Configuring done
[0.875s] -- Generating done
[0.880s] -- Build files have been written to: /home/tayya/path_planning_A*/build/path_planning_robot
[0.914s] [ 50%] [32mBuilding CXX object CMakeFiles/occupancy_map_publisher.dir/src/occupancy_map_publisher.cpp.o[0m
[5.099s] [100%] [32m[1mLinking CXX executable occupancy_map_publisher[0m
[5.376s] [100%] Built target occupancy_map_publisher
[5.388s] Invoked command in '/home/tayya/path_planning_A*/build/path_planning_robot' returned '0': CMAKE_PREFIX_PATH=/opt/ros/humble /usr/bin/cmake --build /home/tayya/path_planning_A*/build/path_planning_robot -- -j8 -l8
[5.400s] Invoking command in '/home/tayya/path_planning_A*/build/path_planning_robot': CMAKE_PREFIX_PATH=/opt/ros/humble /usr/bin/cmake --install /home/tayya/path_planning_A*/build/path_planning_robot
[5.406s] -- Install configuration: ""
[5.406s] -- Installing: /home/tayya/path_planning_A*/install/path_planning_robot/lib/path_planning_robot/occupancy_map_publisher
[5.407s] -- Set runtime path of "/home/tayya/path_planning_A*/install/path_planning_robot/lib/path_planning_robot/occupancy_map_publisher" to ""
[5.407s] -- Up-to-date: /home/tayya/path_planning_A*/install/path_planning_robot/share/path_planning_robot
[5.407s] -- Installing: /home/tayya/path_planning_A*/install/path_planning_robot/share/path_planning_robot/path_planning_robot
[5.407s] -- Installing: /home/tayya/path_planning_A*/install/path_planning_robot/share/path_planning_robot/path_planning_robot/occupancy_map_publisher.hpp
[5.407s] -- Installing: /home/tayya/path_planning_A*/install/path_planning_robot/share/path_planning_robot/launch
[5.407s] -- Installing: /home/tayya/path_planning_A*/install/path_planning_robot/share/path_planning_robot/launch/map_publisher.launch.py
[5.407s] -- Installing: /home/tayya/path_planning_A*/install/path_planning_robot/share/ament_index/resource_index/package_run_dependencies/path_planning_robot
[5.408s] -- Up-to-date: /home/tayya/path_planning_A*/install/path_planning_robot/share/ament_index/resource_index/parent_prefix_path/path_planning_robot
[5.408s] -- Up-to-date: /home/tayya/path_planning_A*/install/path_planning_robot/share/path_planning_robot/environment/ament_prefix_path.sh
[5.408s] -- Installing: /home/tayya/path_planning_A*/install/path_planning_robot/share/path_planning_robot/environment/ament_prefix_path.dsv
[5.408s] -- Up-to-date: /home/tayya/path_planning_A*/install/path_planning_robot/share/path_planning_robot/environment/path.sh
[5.408s] -- Installing: /home/tayya/path_planning_A*/install/path_planning_robot/share/path_planning_robot/environment/path.dsv
[5.408s] -- Up-to-date: /home/tayya/path_planning_A*/install/path_planning_robot/share/path_planning_robot/local_setup.bash
[5.408s] -- Up-to-date: /home/tayya/path_planning_A*/install/path_planning_robot/share/path_planning_robot/local_setup.sh
[5.408s] -- Up-to-date: /home/tayya/path_planning_A*/install/path_planning_robot/share/path_planning_robot/local_setup.zsh
[5.408s] -- Installing: /home/tayya/path_planning_A*/install/path_planning_robot/share/path_planning_robot/local_setup.dsv
[5.408s] -- Installing: /home/tayya/path_planning_A*/install/path_planning_robot/share/path_planning_robot/package.dsv
[5.408s] -- Up-to-date: /home/tayya/path_planning_A*/install/path_planning_robot/share/ament_index/resource_index/packages/path_planning_robot
[5.408s] -- Up-to-date: /home/tayya/path_planning_A*/install/path_planning_robot/share/path_planning_robot/cmake/path_planning_robotConfig.cmake
[5.409s] -- Up-to-date: /home/tayya/path_planning_A*/install/path_planning_robot/share/path_planning_robot/cmake/path_planning_robotConfig-version.cmake
[5.409s] -- Installing: /home/tayya/path_planning_A*/install/path_planning_robot/share/path_planning_robot/package.xml
[5.410s] Invoked command in '/home/tayya/path_planning_A*/build/path_planning_robot' returned '0': CMAKE_PREFIX_PATH=/opt/ros/humble /usr/bin/cmake --install /home/tayya/path_planning_A*/build/path_planning_robot
