[0.009s] Invoking command in '/home/tayya/path_planning_Astar/build/path_planning_robot': CMAKE_PREFIX_PATH=${CMAKE_PREFIX_PATH}:/opt/ros/humble /usr/bin/cmake --build /home/tayya/path_planning_Astar/build/path_planning_robot -- -j8 -l8
[0.032s] -- Found ament_cmake: 1.3.12 (/opt/ros/humble/share/ament_cmake/cmake)
[0.146s] -- Found rclcpp: 16.0.14 (/opt/ros/humble/share/rclcpp/cmake)
[0.168s] -- Found rosidl_generator_c: 3.1.7 (/opt/ros/humble/share/rosidl_generator_c/cmake)
[0.170s] -- Found rosidl_adapter: 3.1.7 (/opt/ros/humble/share/rosidl_adapter/cmake)
[0.175s] -- Found rosidl_generator_cpp: 3.1.7 (/opt/ros/humble/share/rosidl_generator_cpp/cmake)
[0.183s] -- Using all available rosidl_typesupport_c: rosidl_typesupport_fastrtps_c;rosidl_typesupport_introspection_c
[0.194s] -- Using all available rosidl_typesupport_cpp: rosidl_typesupport_fastrtps_cpp;rosidl_typesupport_introspection_cpp
[0.221s] -- Found rmw_implementation_cmake: 6.1.2 (/opt/ros/humble/share/rmw_implementation_cmake/cmake)
[0.222s] -- Found rmw_fastrtps_cpp: 6.2.8 (/opt/ros/humble/share/rmw_fastrtps_cpp/cmake)
[0.307s] -- Using RMW implementation 'rmw_fastrtps_cpp' as default
[0.356s] -- Found nav_msgs: 4.9.0 (/opt/ros/humble/share/nav_msgs/cmake)
[0.383s] -- Found ament_lint_auto: 0.12.14 (/opt/ros/humble/share/ament_lint_auto/cmake)
[0.444s] -- Added test 'cppcheck' to perform static code analysis on C / C++ code
[0.444s] -- Configured cppcheck include dirs: $<BUILD_INTERFACE:/home/tayya/path_planning_Astar/path_planning_robot/include>
[0.444s] -- Configured cppcheck exclude dirs and/or files: 
[0.445s] -- Added test 'flake8' to check Python code syntax and style conventions
[0.445s] -- Added test 'lint_cmake' to check CMake code style
[0.445s] -- Added test 'pep257' to check Python code against some of the docstring style conventions in PEP 257
[0.446s] -- Added test 'uncrustify' to check C / C++ code style
[0.446s] -- Configured uncrustify additional arguments: 
[0.446s] -- Added test 'xmllint' to check XML markup files
[0.447s] -- Configuring done
[0.455s] -- Generating done
[0.459s] -- Build files have been written to: /home/tayya/path_planning_Astar/build/path_planning_robot
[0.481s] [35m[1mConsolidate compiler generated dependencies of target occupancy_map_publisher[0m
[0.498s] [ 50%] [32mBuilding CXX object CMakeFiles/occupancy_map_publisher.dir/src/occupancy_map_publisher.cpp.o[0m
[4.806s] [100%] [32m[1mLinking CXX executable occupancy_map_publisher[0m
[4.997s] [100%] Built target occupancy_map_publisher
[5.006s] Invoked command in '/home/tayya/path_planning_Astar/build/path_planning_robot' returned '0': CMAKE_PREFIX_PATH=${CMAKE_PREFIX_PATH}:/opt/ros/humble /usr/bin/cmake --build /home/tayya/path_planning_Astar/build/path_planning_robot -- -j8 -l8
[5.016s] Invoking command in '/home/tayya/path_planning_Astar/build/path_planning_robot': CMAKE_PREFIX_PATH=${CMAKE_PREFIX_PATH}:/opt/ros/humble /usr/bin/cmake --install /home/tayya/path_planning_Astar/build/path_planning_robot
[5.022s] -- Install configuration: ""
[5.022s] -- Installing: /home/tayya/path_planning_Astar/install/path_planning_robot/lib/path_planning_robot/occupancy_map_publisher
[5.024s] -- Set runtime path of "/home/tayya/path_planning_Astar/install/path_planning_robot/lib/path_planning_robot/occupancy_map_publisher" to ""
[5.024s] -- Up-to-date: /home/tayya/path_planning_Astar/install/path_planning_robot/share/path_planning_robot//launch
[5.024s] -- Installing: /home/tayya/path_planning_Astar/install/path_planning_robot/share/path_planning_robot//launch/map_publisher.launch.py
[5.024s] -- Installing: /home/tayya/path_planning_Astar/install/path_planning_robot/share/path_planning_robot//config
[5.024s] -- Installing: /home/tayya/path_planning_Astar/install/path_planning_robot/share/path_planning_robot//config/rviz
[5.024s] -- Installing: /home/tayya/path_planning_Astar/install/path_planning_robot/share/path_planning_robot//config/rviz/map_view.rviz
[5.024s] -- Up-to-date: /home/tayya/path_planning_Astar/install/path_planning_robot/share/ament_index/resource_index/package_run_dependencies/path_planning_robot
[5.024s] -- Installing: /home/tayya/path_planning_Astar/install/path_planning_robot/share/ament_index/resource_index/parent_prefix_path/path_planning_robot
[5.024s] -- Up-to-date: /home/tayya/path_planning_Astar/install/path_planning_robot/share/path_planning_robot/environment/ament_prefix_path.sh
[5.024s] -- Installing: /home/tayya/path_planning_Astar/install/path_planning_robot/share/path_planning_robot/environment/ament_prefix_path.dsv
[5.025s] -- Up-to-date: /home/tayya/path_planning_Astar/install/path_planning_robot/share/path_planning_robot/environment/path.sh
[5.025s] -- Installing: /home/tayya/path_planning_Astar/install/path_planning_robot/share/path_planning_robot/environment/path.dsv
[5.025s] -- Up-to-date: /home/tayya/path_planning_Astar/install/path_planning_robot/share/path_planning_robot/local_setup.bash
[5.025s] -- Up-to-date: /home/tayya/path_planning_Astar/install/path_planning_robot/share/path_planning_robot/local_setup.sh
[5.025s] -- Up-to-date: /home/tayya/path_planning_Astar/install/path_planning_robot/share/path_planning_robot/local_setup.zsh
[5.025s] -- Installing: /home/tayya/path_planning_Astar/install/path_planning_robot/share/path_planning_robot/local_setup.dsv
[5.025s] -- Installing: /home/tayya/path_planning_Astar/install/path_planning_robot/share/path_planning_robot/package.dsv
[5.025s] -- Up-to-date: /home/tayya/path_planning_Astar/install/path_planning_robot/share/ament_index/resource_index/packages/path_planning_robot
[5.025s] -- Up-to-date: /home/tayya/path_planning_Astar/install/path_planning_robot/share/path_planning_robot/cmake/path_planning_robotConfig.cmake
[5.025s] -- Up-to-date: /home/tayya/path_planning_Astar/install/path_planning_robot/share/path_planning_robot/cmake/path_planning_robotConfig-version.cmake
[5.025s] -- Up-to-date: /home/tayya/path_planning_Astar/install/path_planning_robot/share/path_planning_robot/package.xml
[5.027s] Invoked command in '/home/tayya/path_planning_Astar/build/path_planning_robot' returned '0': CMAKE_PREFIX_PATH=${CMAKE_PREFIX_PATH}:/opt/ros/humble /usr/bin/cmake --install /home/tayya/path_planning_Astar/build/path_planning_robot
