[0.008s] Invoking command in '/home/tayya/path_planning_A*/build/path_planning_robot': CMAKE_PREFIX_PATH=/opt/ros/humble /usr/bin/cmake /home/tayya/path_planning_A*/path_planning_robot -DCMAKE_INSTALL_PREFIX=/home/tayya/path_planning_A*/install/path_planning_robot
[0.120s] -- The C compiler identification is GNU 11.4.0
[0.208s] -- The CXX compiler identification is GNU 11.4.0
[0.217s] -- Detecting C compiler ABI info
[0.284s] -- Detecting C compiler ABI info - done
[0.292s] -- Check for working C compiler: /usr/bin/cc - skipped
[0.292s] -- Detecting C compile features
[0.293s] -- Detecting C compile features - done
[0.297s] -- Detecting CXX compiler ABI info
[0.374s] -- Detecting CXX compiler ABI info - done
[0.380s] -- Check for working CXX compiler: /usr/bin/c++ - skipped
[0.380s] -- Detecting CXX compile features
[0.381s] -- Detecting CXX compile features - done
[0.383s] -- Found ament_cmake: 1.3.12 (/opt/ros/humble/share/ament_cmake/cmake)
[0.522s] -- Found Python3: /usr/bin/python3 (found version "3.10.12") found components: Interpreter 
[0.603s] -- Found ament_lint_auto: 0.12.14 (/opt/ros/humble/share/ament_lint_auto/cmake)
[0.675s] -- Added test 'lint_cmake' to check CMake code style
[0.677s] -- Added test 'xmllint' to check XML markup files
[0.678s] -- Configuring done
[0.681s] -- Generating done
[0.682s] -- Build files have been written to: /home/tayya/path_planning_A*/build/path_planning_robot
[0.686s] Invoked command in '/home/tayya/path_planning_A*/build/path_planning_robot' returned '0': CMAKE_PREFIX_PATH=/opt/ros/humble /usr/bin/cmake /home/tayya/path_planning_A*/path_planning_robot -DCMAKE_INSTALL_PREFIX=/home/tayya/path_planning_A*/install/path_planning_robot
[0.688s] Invoking command in '/home/tayya/path_planning_A*/build/path_planning_robot': CMAKE_PREFIX_PATH=/opt/ros/humble /usr/bin/cmake --build /home/tayya/path_planning_A*/build/path_planning_robot -- -j8 -l8
[0.724s] Invoked command in '/home/tayya/path_planning_A*/build/path_planning_robot' returned '0': CMAKE_PREFIX_PATH=/opt/ros/humble /usr/bin/cmake --build /home/tayya/path_planning_A*/build/path_planning_robot -- -j8 -l8
[0.733s] Invoking command in '/home/tayya/path_planning_A*/build/path_planning_robot': CMAKE_PREFIX_PATH=/opt/ros/humble /usr/bin/cmake --install /home/tayya/path_planning_A*/build/path_planning_robot
[0.739s] -- Install configuration: ""
[0.740s] -- Installing: /home/tayya/path_planning_A*/install/path_planning_robot/share/ament_index/resource_index/package_run_dependencies/path_planning_robot
[0.740s] -- Installing: /home/tayya/path_planning_A*/install/path_planning_robot/share/ament_index/resource_index/parent_prefix_path/path_planning_robot
[0.740s] -- Installing: /home/tayya/path_planning_A*/install/path_planning_robot/share/path_planning_robot/environment/ament_prefix_path.sh
[0.740s] -- Installing: /home/tayya/path_planning_A*/install/path_planning_robot/share/path_planning_robot/environment/ament_prefix_path.dsv
[0.740s] -- Installing: /home/tayya/path_planning_A*/install/path_planning_robot/share/path_planning_robot/environment/path.sh
[0.740s] -- Installing: /home/tayya/path_planning_A*/install/path_planning_robot/share/path_planning_robot/environment/path.dsv
[0.740s] -- Installing: /home/tayya/path_planning_A*/install/path_planning_robot/share/path_planning_robot/local_setup.bash
[0.740s] -- Installing: /home/tayya/path_planning_A*/install/path_planning_robot/share/path_planning_robot/local_setup.sh
[0.741s] -- Installing: /home/tayya/path_planning_A*/install/path_planning_robot/share/path_planning_robot/local_setup.zsh
[0.741s] -- Installing: /home/tayya/path_planning_A*/install/path_planning_robot/share/path_planning_robot/local_setup.dsv
[0.741s] -- Installing: /home/tayya/path_planning_A*/install/path_planning_robot/share/path_planning_robot/package.dsv
[0.741s] -- Installing: /home/tayya/path_planning_A*/install/path_planning_robot/share/ament_index/resource_index/packages/path_planning_robot
[0.741s] -- Installing: /home/tayya/path_planning_A*/install/path_planning_robot/share/path_planning_robot/cmake/path_planning_robotConfig.cmake
[0.741s] -- Installing: /home/tayya/path_planning_A*/install/path_planning_robot/share/path_planning_robot/cmake/path_planning_robotConfig-version.cmake
[0.741s] -- Installing: /home/tayya/path_planning_A*/install/path_planning_robot/share/path_planning_robot/package.xml
[0.743s] Invoked command in '/home/tayya/path_planning_A*/build/path_planning_robot' returned '0': CMAKE_PREFIX_PATH=/opt/ros/humble /usr/bin/cmake --install /home/tayya/path_planning_A*/build/path_planning_robot
