[0.097s] DEBUG:colcon:Command line arguments: ['/usr/bin/colcon', 'build']
[0.097s] DEBUG:colcon:Parsed command line arguments: Namespace(log_base=None, log_level=None, verb_name='build', build_base='build', install_base='install', merge_install=False, symlink_install=False, test_result_base=None, continue_on_error=False, executor='parallel', parallel_workers=8, event_handlers=None, ignore_user_meta=False, metas=['./colcon.meta'], base_paths=['.'], packages_ignore=None, packages_ignore_regex=None, paths=None, packages_up_to=None, packages_up_to_regex=None, packages_above=None, packages_above_and_dependencies=None, packages_above_depth=None, packages_select_by_dep=None, packages_skip_by_dep=None, packages_skip_up_to=None, packages_select_build_failed=False, packages_skip_build_finished=False, packages_select_test_failures=False, packages_skip_test_passed=False, packages_select=None, packages_skip=None, packages_select_regex=None, packages_skip_regex=None, packages_start=None, packages_end=None, allow_overriding=[], cmake_args=None, cmake_target=None, cmake_target_skip_unavailable=False, cmake_clean_cache=False, cmake_clean_first=False, cmake_force_configure=False, ament_cmake_args=None, catkin_cmake_args=None, catkin_skip_building_tests=False, mixin_files=None, mixin=None, verb_parser=<colcon_mixin.mixin.mixin_argument.MixinArgumentDecorator object at 0x7310a0c4dcf0>, verb_extension=<colcon_core.verb.build.BuildVerb object at 0x7310a0d5ac50>, main=<bound method BuildVerb.main of <colcon_core.verb.build.BuildVerb object at 0x7310a0d5ac50>>, mixin_verb=('build',))
[0.254s] Level 1:colcon.colcon_core.package_discovery:discover_packages(colcon_meta) check parameters
[0.254s] Level 1:colcon.colcon_core.package_discovery:discover_packages(recursive) check parameters
[0.254s] Level 1:colcon.colcon_core.package_discovery:discover_packages(ignore) check parameters
[0.254s] Level 1:colcon.colcon_core.package_discovery:discover_packages(path) check parameters
[0.254s] Level 1:colcon.colcon_core.package_discovery:discover_packages(colcon_meta) discover
[0.254s] Level 1:colcon.colcon_core.package_discovery:discover_packages(recursive) discover
[0.254s] INFO:colcon.colcon_core.package_discovery:Crawling recursively for packages in '/home/tayya/path_planning_Astar'
[0.254s] Level 1:colcon.colcon_core.package_identification:_identify(.) by extensions ['ignore', 'ignore_ament_install']
[0.254s] Level 1:colcon.colcon_core.package_identification:_identify(.) by extension 'ignore'
[0.254s] Level 1:colcon.colcon_core.package_identification:_identify(.) by extension 'ignore_ament_install'
[0.254s] Level 1:colcon.colcon_core.package_identification:_identify(.) by extensions ['colcon_pkg']
[0.254s] Level 1:colcon.colcon_core.package_identification:_identify(.) by extension 'colcon_pkg'
[0.254s] Level 1:colcon.colcon_core.package_identification:_identify(.) by extensions ['colcon_meta']
[0.254s] Level 1:colcon.colcon_core.package_identification:_identify(.) by extension 'colcon_meta'
[0.254s] Level 1:colcon.colcon_core.package_identification:_identify(.) by extensions ['ros']
[0.254s] Level 1:colcon.colcon_core.package_identification:_identify(.) by extension 'ros'
[0.264s] Level 1:colcon.colcon_core.package_identification:_identify(.) by extensions ['cmake', 'python']
[0.264s] Level 1:colcon.colcon_core.package_identification:_identify(.) by extension 'cmake'
[0.264s] Level 1:colcon.colcon_core.package_identification:_identify(.) by extension 'python'
[0.264s] Level 1:colcon.colcon_core.package_identification:_identify(.) by extensions ['python_setup_py']
[0.264s] Level 1:colcon.colcon_core.package_identification:_identify(.) by extension 'python_setup_py'
[0.264s] Level 1:colcon.colcon_core.package_identification:_identify(build) by extensions ['ignore', 'ignore_ament_install']
[0.264s] Level 1:colcon.colcon_core.package_identification:_identify(build) by extension 'ignore'
[0.264s] Level 1:colcon.colcon_core.package_identification:_identify(build) ignored
[0.264s] Level 1:colcon.colcon_core.package_identification:_identify(install) by extensions ['ignore', 'ignore_ament_install']
[0.264s] Level 1:colcon.colcon_core.package_identification:_identify(install) by extension 'ignore'
[0.265s] Level 1:colcon.colcon_core.package_identification:_identify(install) ignored
[0.265s] Level 1:colcon.colcon_core.package_identification:_identify(log) by extensions ['ignore', 'ignore_ament_install']
[0.265s] Level 1:colcon.colcon_core.package_identification:_identify(log) by extension 'ignore'
[0.265s] Level 1:colcon.colcon_core.package_identification:_identify(log) ignored
[0.265s] Level 1:colcon.colcon_core.package_identification:_identify(path_planning_robot) by extensions ['ignore', 'ignore_ament_install']
[0.265s] Level 1:colcon.colcon_core.package_identification:_identify(path_planning_robot) by extension 'ignore'
[0.265s] Level 1:colcon.colcon_core.package_identification:_identify(path_planning_robot) by extension 'ignore_ament_install'
[0.265s] Level 1:colcon.colcon_core.package_identification:_identify(path_planning_robot) by extensions ['colcon_pkg']
[0.265s] Level 1:colcon.colcon_core.package_identification:_identify(path_planning_robot) by extension 'colcon_pkg'
[0.265s] Level 1:colcon.colcon_core.package_identification:_identify(path_planning_robot) by extensions ['colcon_meta']
[0.265s] Level 1:colcon.colcon_core.package_identification:_identify(path_planning_robot) by extension 'colcon_meta'
[0.265s] Level 1:colcon.colcon_core.package_identification:_identify(path_planning_robot) by extensions ['ros']
[0.265s] Level 1:colcon.colcon_core.package_identification:_identify(path_planning_robot) by extension 'ros'
[0.269s] DEBUG:colcon.colcon_core.package_identification:Package 'path_planning_robot' with type 'ros.ament_cmake' and name 'path_planning_robot'
[0.270s] Level 1:colcon.colcon_core.package_discovery:discover_packages(recursive) using defaults
[0.270s] Level 1:colcon.colcon_core.package_discovery:discover_packages(ignore) discover
[0.270s] Level 1:colcon.colcon_core.package_discovery:discover_packages(ignore) using defaults
[0.270s] Level 1:colcon.colcon_core.package_discovery:discover_packages(path) discover
[0.270s] Level 1:colcon.colcon_core.package_discovery:discover_packages(path) using defaults
[0.295s] Level 1:colcon.colcon_core.package_discovery:discover_packages(prefix_path) check parameters
[0.295s] Level 1:colcon.colcon_core.package_discovery:discover_packages(prefix_path) discover
[0.297s] DEBUG:colcon.colcon_installed_package_information.package_discovery:Found 1 installed packages in /home/tayya/path_planning_Astar/install
[0.298s] DEBUG:colcon.colcon_installed_package_information.package_discovery:Found 280 installed packages in /opt/ros/humble
[0.300s] Level 1:colcon.colcon_core.package_discovery:discover_packages(prefix_path) using defaults
[0.330s] Level 5:colcon.colcon_core.verb:set package 'path_planning_robot' build argument 'cmake_args' from command line to 'None'
[0.330s] Level 5:colcon.colcon_core.verb:set package 'path_planning_robot' build argument 'cmake_target' from command line to 'None'
[0.330s] Level 5:colcon.colcon_core.verb:set package 'path_planning_robot' build argument 'cmake_target_skip_unavailable' from command line to 'False'
[0.330s] Level 5:colcon.colcon_core.verb:set package 'path_planning_robot' build argument 'cmake_clean_cache' from command line to 'False'
[0.330s] Level 5:colcon.colcon_core.verb:set package 'path_planning_robot' build argument 'cmake_clean_first' from command line to 'False'
[0.330s] Level 5:colcon.colcon_core.verb:set package 'path_planning_robot' build argument 'cmake_force_configure' from command line to 'False'
[0.330s] Level 5:colcon.colcon_core.verb:set package 'path_planning_robot' build argument 'ament_cmake_args' from command line to 'None'
[0.330s] Level 5:colcon.colcon_core.verb:set package 'path_planning_robot' build argument 'catkin_cmake_args' from command line to 'None'
[0.330s] Level 5:colcon.colcon_core.verb:set package 'path_planning_robot' build argument 'catkin_skip_building_tests' from command line to 'False'
[0.330s] DEBUG:colcon.colcon_core.verb:Building package 'path_planning_robot' with the following arguments: {'ament_cmake_args': None, 'build_base': '/home/tayya/path_planning_Astar/build/path_planning_robot', 'catkin_cmake_args': None, 'catkin_skip_building_tests': False, 'cmake_args': None, 'cmake_clean_cache': False, 'cmake_clean_first': False, 'cmake_force_configure': False, 'cmake_target': None, 'cmake_target_skip_unavailable': False, 'install_base': '/home/tayya/path_planning_Astar/install/path_planning_robot', 'merge_install': False, 'path': '/home/tayya/path_planning_Astar/path_planning_robot', 'symlink_install': False, 'test_result_base': None}
[0.330s] INFO:colcon.colcon_core.executor:Executing jobs using 'parallel' executor
[0.331s] DEBUG:colcon.colcon_parallel_executor.executor.parallel:run_until_complete
[0.332s] INFO:colcon.colcon_ros.task.ament_cmake.build:Building ROS package in '/home/tayya/path_planning_Astar/path_planning_robot' with build type 'ament_cmake'
[0.332s] INFO:colcon.colcon_cmake.task.cmake.build:Building CMake package in '/home/tayya/path_planning_Astar/path_planning_robot'
[0.334s] INFO:colcon.colcon_core.plugin_system:Skipping extension 'colcon_core.shell.bat': Not used on non-Windows systems
[0.335s] INFO:colcon.colcon_core.shell:Skip shell extension 'powershell' for command environment: Not usable outside of PowerShell
[0.335s] DEBUG:colcon.colcon_core.shell:Skip shell extension 'dsv' for command environment
[0.345s] DEBUG:colcon.colcon_core.event_handler.log_command:Invoking command in '/home/tayya/path_planning_Astar/build/path_planning_robot': CMAKE_PREFIX_PATH=${CMAKE_PREFIX_PATH}:/opt/ros/humble /usr/bin/cmake --build /home/tayya/path_planning_Astar/build/path_planning_robot -- -j8 -l8
[9.122s] DEBUG:colcon.colcon_core.event_handler.log_command:Invoked command in '/home/tayya/path_planning_Astar/build/path_planning_robot' returned '0': CMAKE_PREFIX_PATH=${CMAKE_PREFIX_PATH}:/opt/ros/humble /usr/bin/cmake --build /home/tayya/path_planning_Astar/build/path_planning_robot -- -j8 -l8
[9.133s] DEBUG:colcon.colcon_core.event_handler.log_command:Invoking command in '/home/tayya/path_planning_Astar/build/path_planning_robot': CMAKE_PREFIX_PATH=${CMAKE_PREFIX_PATH}:/opt/ros/humble /usr/bin/cmake --install /home/tayya/path_planning_Astar/build/path_planning_robot
[9.148s] Level 1:colcon.colcon_core.environment:create_environment_scripts_only(path_planning_robot)
[9.149s] DEBUG:colcon.colcon_core.event_handler.log_command:Invoked command in '/home/tayya/path_planning_Astar/build/path_planning_robot' returned '0': CMAKE_PREFIX_PATH=${CMAKE_PREFIX_PATH}:/opt/ros/humble /usr/bin/cmake --install /home/tayya/path_planning_Astar/build/path_planning_robot
[9.151s] Level 1:colcon.colcon_core.environment:checking '/home/tayya/path_planning_Astar/install/path_planning_robot' for CMake module files
[9.152s] Level 1:colcon.colcon_core.environment:checking '/home/tayya/path_planning_Astar/install/path_planning_robot' for CMake config files
[9.152s] Level 1:colcon.colcon_core.shell:create_environment_hook('path_planning_robot', 'cmake_prefix_path')
[9.152s] INFO:colcon.colcon_core.shell:Creating environment hook '/home/tayya/path_planning_Astar/install/path_planning_robot/share/path_planning_robot/hook/cmake_prefix_path.ps1'
[9.153s] INFO:colcon.colcon_core.shell:Creating environment descriptor '/home/tayya/path_planning_Astar/install/path_planning_robot/share/path_planning_robot/hook/cmake_prefix_path.dsv'
[9.154s] INFO:colcon.colcon_core.shell:Creating environment hook '/home/tayya/path_planning_Astar/install/path_planning_robot/share/path_planning_robot/hook/cmake_prefix_path.sh'
[9.155s] Level 1:colcon.colcon_core.environment:checking '/home/tayya/path_planning_Astar/install/path_planning_robot/lib'
[9.155s] Level 1:colcon.colcon_core.environment:checking '/home/tayya/path_planning_Astar/install/path_planning_robot/bin'
[9.155s] Level 1:colcon.colcon_core.environment:checking '/home/tayya/path_planning_Astar/install/path_planning_robot/lib/pkgconfig/path_planning_robot.pc'
[9.155s] Level 1:colcon.colcon_core.environment:checking '/home/tayya/path_planning_Astar/install/path_planning_robot/lib/python3.10/site-packages'
[9.155s] Level 1:colcon.colcon_core.environment:checking '/home/tayya/path_planning_Astar/install/path_planning_robot/bin'
[9.156s] INFO:colcon.colcon_core.shell:Creating package script '/home/tayya/path_planning_Astar/install/path_planning_robot/share/path_planning_robot/package.ps1'
[9.157s] INFO:colcon.colcon_core.shell:Creating package descriptor '/home/tayya/path_planning_Astar/install/path_planning_robot/share/path_planning_robot/package.dsv'
[9.157s] INFO:colcon.colcon_core.shell:Creating package script '/home/tayya/path_planning_Astar/install/path_planning_robot/share/path_planning_robot/package.sh'
[9.158s] INFO:colcon.colcon_core.shell:Creating package script '/home/tayya/path_planning_Astar/install/path_planning_robot/share/path_planning_robot/package.bash'
[9.159s] INFO:colcon.colcon_core.shell:Creating package script '/home/tayya/path_planning_Astar/install/path_planning_robot/share/path_planning_robot/package.zsh'
[9.160s] Level 1:colcon.colcon_core.environment:create_file_with_runtime_dependencies(/home/tayya/path_planning_Astar/install/path_planning_robot/share/colcon-core/packages/path_planning_robot)
[9.160s] Level 1:colcon.colcon_core.environment:create_environment_scripts_only(path_planning_robot)
[9.160s] Level 1:colcon.colcon_core.environment:checking '/home/tayya/path_planning_Astar/install/path_planning_robot' for CMake module files
[9.161s] Level 1:colcon.colcon_core.environment:checking '/home/tayya/path_planning_Astar/install/path_planning_robot' for CMake config files
[9.161s] Level 1:colcon.colcon_core.shell:create_environment_hook('path_planning_robot', 'cmake_prefix_path')
[9.161s] INFO:colcon.colcon_core.shell:Creating environment hook '/home/tayya/path_planning_Astar/install/path_planning_robot/share/path_planning_robot/hook/cmake_prefix_path.ps1'
[9.162s] INFO:colcon.colcon_core.shell:Creating environment descriptor '/home/tayya/path_planning_Astar/install/path_planning_robot/share/path_planning_robot/hook/cmake_prefix_path.dsv'
[9.162s] INFO:colcon.colcon_core.shell:Creating environment hook '/home/tayya/path_planning_Astar/install/path_planning_robot/share/path_planning_robot/hook/cmake_prefix_path.sh'
[9.163s] Level 1:colcon.colcon_core.environment:checking '/home/tayya/path_planning_Astar/install/path_planning_robot/lib'
[9.163s] Level 1:colcon.colcon_core.environment:checking '/home/tayya/path_planning_Astar/install/path_planning_robot/bin'
[9.163s] Level 1:colcon.colcon_core.environment:checking '/home/tayya/path_planning_Astar/install/path_planning_robot/lib/pkgconfig/path_planning_robot.pc'
[9.163s] Level 1:colcon.colcon_core.environment:checking '/home/tayya/path_planning_Astar/install/path_planning_robot/lib/python3.10/site-packages'
[9.164s] Level 1:colcon.colcon_core.environment:checking '/home/tayya/path_planning_Astar/install/path_planning_robot/bin'
[9.164s] INFO:colcon.colcon_core.shell:Creating package script '/home/tayya/path_planning_Astar/install/path_planning_robot/share/path_planning_robot/package.ps1'
[9.164s] INFO:colcon.colcon_core.shell:Creating package descriptor '/home/tayya/path_planning_Astar/install/path_planning_robot/share/path_planning_robot/package.dsv'
[9.165s] INFO:colcon.colcon_core.shell:Creating package script '/home/tayya/path_planning_Astar/install/path_planning_robot/share/path_planning_robot/package.sh'
[9.165s] INFO:colcon.colcon_core.shell:Creating package script '/home/tayya/path_planning_Astar/install/path_planning_robot/share/path_planning_robot/package.bash'
[9.166s] INFO:colcon.colcon_core.shell:Creating package script '/home/tayya/path_planning_Astar/install/path_planning_robot/share/path_planning_robot/package.zsh'
[9.166s] Level 1:colcon.colcon_core.environment:create_file_with_runtime_dependencies(/home/tayya/path_planning_Astar/install/path_planning_robot/share/colcon-core/packages/path_planning_robot)
[9.167s] DEBUG:colcon.colcon_parallel_executor.executor.parallel:closing loop
[9.167s] DEBUG:colcon.colcon_parallel_executor.executor.parallel:loop closed
[9.167s] DEBUG:colcon.colcon_parallel_executor.executor.parallel:run_until_complete finished with '0'
[9.167s] DEBUG:colcon.colcon_core.event_reactor:joining thread
[9.173s] INFO:colcon.colcon_core.plugin_system:Skipping extension 'colcon_notification.desktop_notification.terminal_notifier': Not used on non-Darwin systems
[9.173s] INFO:colcon.colcon_core.plugin_system:Skipping extension 'colcon_notification.desktop_notification.win32': Not used on non-Windows systems
[9.173s] INFO:colcon.colcon_notification.desktop_notification:Sending desktop notification using 'notify2'
[9.186s] DEBUG:colcon.colcon_core.event_reactor:joined thread
[9.187s] INFO:colcon.colcon_core.shell:Creating prefix script '/home/tayya/path_planning_Astar/install/local_setup.ps1'
[9.188s] INFO:colcon.colcon_core.shell:Creating prefix util module '/home/tayya/path_planning_Astar/install/_local_setup_util_ps1.py'
[9.190s] INFO:colcon.colcon_core.shell:Creating prefix chain script '/home/tayya/path_planning_Astar/install/setup.ps1'
[9.192s] INFO:colcon.colcon_core.shell:Creating prefix script '/home/tayya/path_planning_Astar/install/local_setup.sh'
[9.194s] INFO:colcon.colcon_core.shell:Creating prefix util module '/home/tayya/path_planning_Astar/install/_local_setup_util_sh.py'
[9.196s] INFO:colcon.colcon_core.shell:Creating prefix chain script '/home/tayya/path_planning_Astar/install/setup.sh'
[9.197s] INFO:colcon.colcon_core.shell:Creating prefix script '/home/tayya/path_planning_Astar/install/local_setup.bash'
[9.198s] INFO:colcon.colcon_core.shell:Creating prefix chain script '/home/tayya/path_planning_Astar/install/setup.bash'
[9.199s] INFO:colcon.colcon_core.shell:Creating prefix script '/home/tayya/path_planning_Astar/install/local_setup.zsh'
[9.200s] INFO:colcon.colcon_core.shell:Creating prefix chain script '/home/tayya/path_planning_Astar/install/setup.zsh'
