[0.139s] DEBUG:colcon:Command line arguments: ['/usr/bin/colcon', 'build']
[0.139s] DEBUG:colcon:Parsed command line arguments: Namespace(log_base=None, log_level=None, verb_name='build', build_base='build', install_base='install', merge_install=False, symlink_install=False, test_result_base=None, continue_on_error=False, executor='parallel', parallel_workers=8, event_handlers=None, ignore_user_meta=False, metas=['./colcon.meta'], base_paths=['.'], packages_ignore=None, packages_ignore_regex=None, paths=None, packages_up_to=None, packages_up_to_regex=None, packages_above=None, packages_above_and_dependencies=None, packages_above_depth=None, packages_select_by_dep=None, packages_skip_by_dep=None, packages_skip_up_to=None, packages_select_build_failed=False, packages_skip_build_finished=False, packages_select_test_failures=False, packages_skip_test_passed=False, packages_select=None, packages_skip=None, packages_select_regex=None, packages_skip_regex=None, packages_start=None, packages_end=None, allow_overriding=[], cmake_args=None, cmake_target=None, cmake_target_skip_unavailable=False, cmake_clean_cache=False, cmake_clean_first=False, cmake_force_configure=False, ament_cmake_args=None, catkin_cmake_args=None, catkin_skip_building_tests=False, mixin_files=None, mixin=None, verb_parser=<colcon_mixin.mixin.mixin_argument.MixinArgumentDecorator object at 0x7a3a6e14dcf0>, verb_extension=<colcon_core.verb.build.BuildVerb object at 0x7a3a6e2d36d0>, main=<bound method BuildVerb.main of <colcon_core.verb.build.BuildVerb object at 0x7a3a6e2d36d0>>, mixin_verb=('build',))
[0.351s] Level 1:colcon.colcon_core.package_discovery:discover_packages(colcon_meta) check parameters
[0.351s] Level 1:colcon.colcon_core.package_discovery:discover_packages(recursive) check parameters
[0.351s] Level 1:colcon.colcon_core.package_discovery:discover_packages(ignore) check parameters
[0.351s] Level 1:colcon.colcon_core.package_discovery:discover_packages(path) check parameters
[0.351s] Level 1:colcon.colcon_core.package_discovery:discover_packages(colcon_meta) discover
[0.351s] Level 1:colcon.colcon_core.package_discovery:discover_packages(recursive) discover
[0.351s] INFO:colcon.colcon_core.package_discovery:Crawling recursively for packages in '/home/tayya/path_planning_Astar'
[0.351s] Level 1:colcon.colcon_core.package_identification:_identify(.) by extensions ['ignore', 'ignore_ament_install']
[0.352s] Level 1:colcon.colcon_core.package_identification:_identify(.) by extension 'ignore'
[0.352s] Level 1:colcon.colcon_core.package_identification:_identify(.) by extension 'ignore_ament_install'
[0.352s] Level 1:colcon.colcon_core.package_identification:_identify(.) by extensions ['colcon_pkg']
[0.352s] Level 1:colcon.colcon_core.package_identification:_identify(.) by extension 'colcon_pkg'
[0.352s] Level 1:colcon.colcon_core.package_identification:_identify(.) by extensions ['colcon_meta']
[0.352s] Level 1:colcon.colcon_core.package_identification:_identify(.) by extension 'colcon_meta'
[0.352s] Level 1:colcon.colcon_core.package_identification:_identify(.) by extensions ['ros']
[0.352s] Level 1:colcon.colcon_core.package_identification:_identify(.) by extension 'ros'
[0.362s] Level 1:colcon.colcon_core.package_identification:_identify(.) by extensions ['cmake', 'python']
[0.362s] Level 1:colcon.colcon_core.package_identification:_identify(.) by extension 'cmake'
[0.362s] Level 1:colcon.colcon_core.package_identification:_identify(.) by extension 'python'
[0.362s] Level 1:colcon.colcon_core.package_identification:_identify(.) by extensions ['python_setup_py']
[0.362s] Level 1:colcon.colcon_core.package_identification:_identify(.) by extension 'python_setup_py'
[0.362s] Level 1:colcon.colcon_core.package_identification:_identify(build) by extensions ['ignore', 'ignore_ament_install']
[0.362s] Level 1:colcon.colcon_core.package_identification:_identify(build) by extension 'ignore'
[0.362s] Level 1:colcon.colcon_core.package_identification:_identify(build) ignored
[0.362s] Level 1:colcon.colcon_core.package_identification:_identify(install) by extensions ['ignore', 'ignore_ament_install']
[0.362s] Level 1:colcon.colcon_core.package_identification:_identify(install) by extension 'ignore'
[0.362s] Level 1:colcon.colcon_core.package_identification:_identify(install) ignored
[0.362s] Level 1:colcon.colcon_core.package_identification:_identify(log) by extensions ['ignore', 'ignore_ament_install']
[0.363s] Level 1:colcon.colcon_core.package_identification:_identify(log) by extension 'ignore'
[0.363s] Level 1:colcon.colcon_core.package_identification:_identify(log) ignored
[0.363s] Level 1:colcon.colcon_core.package_identification:_identify(path_planning_robot) by extensions ['ignore', 'ignore_ament_install']
[0.363s] Level 1:colcon.colcon_core.package_identification:_identify(path_planning_robot) by extension 'ignore'
[0.363s] Level 1:colcon.colcon_core.package_identification:_identify(path_planning_robot) by extension 'ignore_ament_install'
[0.363s] Level 1:colcon.colcon_core.package_identification:_identify(path_planning_robot) by extensions ['colcon_pkg']
[0.363s] Level 1:colcon.colcon_core.package_identification:_identify(path_planning_robot) by extension 'colcon_pkg'
[0.363s] Level 1:colcon.colcon_core.package_identification:_identify(path_planning_robot) by extensions ['colcon_meta']
[0.363s] Level 1:colcon.colcon_core.package_identification:_identify(path_planning_robot) by extension 'colcon_meta'
[0.363s] Level 1:colcon.colcon_core.package_identification:_identify(path_planning_robot) by extensions ['ros']
[0.363s] Level 1:colcon.colcon_core.package_identification:_identify(path_planning_robot) by extension 'ros'
[0.366s] DEBUG:colcon.colcon_core.package_identification:Package 'path_planning_robot' with type 'ros.ament_cmake' and name 'path_planning_robot'
[0.366s] Level 1:colcon.colcon_core.package_discovery:discover_packages(recursive) using defaults
[0.366s] Level 1:colcon.colcon_core.package_discovery:discover_packages(ignore) discover
[0.366s] Level 1:colcon.colcon_core.package_discovery:discover_packages(ignore) using defaults
[0.366s] Level 1:colcon.colcon_core.package_discovery:discover_packages(path) discover
[0.366s] Level 1:colcon.colcon_core.package_discovery:discover_packages(path) using defaults
[0.398s] Level 1:colcon.colcon_core.package_discovery:discover_packages(prefix_path) check parameters
[0.398s] Level 1:colcon.colcon_core.package_discovery:discover_packages(prefix_path) discover
[0.400s] DEBUG:colcon.colcon_installed_package_information.package_discovery:Found 1 installed packages in /home/tayya/path_planning_Astar/install
[0.401s] DEBUG:colcon.colcon_installed_package_information.package_discovery:Found 280 installed packages in /opt/ros/humble
[0.402s] Level 1:colcon.colcon_core.package_discovery:discover_packages(prefix_path) using defaults
[0.434s] Level 5:colcon.colcon_core.verb:set package 'path_planning_robot' build argument 'cmake_args' from command line to 'None'
[0.434s] Level 5:colcon.colcon_core.verb:set package 'path_planning_robot' build argument 'cmake_target' from command line to 'None'
[0.434s] Level 5:colcon.colcon_core.verb:set package 'path_planning_robot' build argument 'cmake_target_skip_unavailable' from command line to 'False'
[0.434s] Level 5:colcon.colcon_core.verb:set package 'path_planning_robot' build argument 'cmake_clean_cache' from command line to 'False'
[0.434s] Level 5:colcon.colcon_core.verb:set package 'path_planning_robot' build argument 'cmake_clean_first' from command line to 'False'
[0.434s] Level 5:colcon.colcon_core.verb:set package 'path_planning_robot' build argument 'cmake_force_configure' from command line to 'False'
[0.434s] Level 5:colcon.colcon_core.verb:set package 'path_planning_robot' build argument 'ament_cmake_args' from command line to 'None'
[0.434s] Level 5:colcon.colcon_core.verb:set package 'path_planning_robot' build argument 'catkin_cmake_args' from command line to 'None'
[0.434s] Level 5:colcon.colcon_core.verb:set package 'path_planning_robot' build argument 'catkin_skip_building_tests' from command line to 'False'
[0.434s] DEBUG:colcon.colcon_core.verb:Building package 'path_planning_robot' with the following arguments: {'ament_cmake_args': None, 'build_base': '/home/tayya/path_planning_Astar/build/path_planning_robot', 'catkin_cmake_args': None, 'catkin_skip_building_tests': False, 'cmake_args': None, 'cmake_clean_cache': False, 'cmake_clean_first': False, 'cmake_force_configure': False, 'cmake_target': None, 'cmake_target_skip_unavailable': False, 'install_base': '/home/tayya/path_planning_Astar/install/path_planning_robot', 'merge_install': False, 'path': '/home/tayya/path_planning_Astar/path_planning_robot', 'symlink_install': False, 'test_result_base': None}
[0.434s] INFO:colcon.colcon_core.executor:Executing jobs using 'parallel' executor
[0.435s] DEBUG:colcon.colcon_parallel_executor.executor.parallel:run_until_complete
[0.436s] INFO:colcon.colcon_ros.task.ament_cmake.build:Building ROS package in '/home/tayya/path_planning_Astar/path_planning_robot' with build type 'ament_cmake'
[0.436s] INFO:colcon.colcon_cmake.task.cmake.build:Building CMake package in '/home/tayya/path_planning_Astar/path_planning_robot'
[0.438s] INFO:colcon.colcon_core.plugin_system:Skipping extension 'colcon_core.shell.bat': Not used on non-Windows systems
[0.438s] INFO:colcon.colcon_core.shell:Skip shell extension 'powershell' for command environment: Not usable outside of PowerShell
[0.438s] DEBUG:colcon.colcon_core.shell:Skip shell extension 'dsv' for command environment
[0.447s] DEBUG:colcon.colcon_core.event_handler.log_command:Invoking command in '/home/tayya/path_planning_Astar/build/path_planning_robot': CMAKE_PREFIX_PATH=${CMAKE_PREFIX_PATH}:/opt/ros/humble /usr/bin/cmake --build /home/tayya/path_planning_Astar/build/path_planning_robot -- -j8 -l8
[9.296s] DEBUG:colcon.colcon_core.event_handler.log_command:Invoked command in '/home/tayya/path_planning_Astar/build/path_planning_robot' returned '0': CMAKE_PREFIX_PATH=${CMAKE_PREFIX_PATH}:/opt/ros/humble /usr/bin/cmake --build /home/tayya/path_planning_Astar/build/path_planning_robot -- -j8 -l8
[9.308s] DEBUG:colcon.colcon_core.event_handler.log_command:Invoking command in '/home/tayya/path_planning_Astar/build/path_planning_robot': CMAKE_PREFIX_PATH=${CMAKE_PREFIX_PATH}:/opt/ros/humble /usr/bin/cmake --install /home/tayya/path_planning_Astar/build/path_planning_robot
[9.325s] Level 1:colcon.colcon_core.environment:create_environment_scripts_only(path_planning_robot)
[9.326s] DEBUG:colcon.colcon_core.event_handler.log_command:Invoked command in '/home/tayya/path_planning_Astar/build/path_planning_robot' returned '0': CMAKE_PREFIX_PATH=${CMAKE_PREFIX_PATH}:/opt/ros/humble /usr/bin/cmake --install /home/tayya/path_planning_Astar/build/path_planning_robot
[9.328s] Level 1:colcon.colcon_core.environment:checking '/home/tayya/path_planning_Astar/install/path_planning_robot' for CMake module files
[9.329s] Level 1:colcon.colcon_core.environment:checking '/home/tayya/path_planning_Astar/install/path_planning_robot' for CMake config files
[9.329s] Level 1:colcon.colcon_core.shell:create_environment_hook('path_planning_robot', 'cmake_prefix_path')
[9.329s] INFO:colcon.colcon_core.shell:Creating environment hook '/home/tayya/path_planning_Astar/install/path_planning_robot/share/path_planning_robot/hook/cmake_prefix_path.ps1'
[9.330s] INFO:colcon.colcon_core.shell:Creating environment descriptor '/home/tayya/path_planning_Astar/install/path_planning_robot/share/path_planning_robot/hook/cmake_prefix_path.dsv'
[9.330s] INFO:colcon.colcon_core.shell:Creating environment hook '/home/tayya/path_planning_Astar/install/path_planning_robot/share/path_planning_robot/hook/cmake_prefix_path.sh'
[9.331s] Level 1:colcon.colcon_core.environment:checking '/home/tayya/path_planning_Astar/install/path_planning_robot/lib'
[9.331s] Level 1:colcon.colcon_core.environment:checking '/home/tayya/path_planning_Astar/install/path_planning_robot/bin'
[9.331s] Level 1:colcon.colcon_core.environment:checking '/home/tayya/path_planning_Astar/install/path_planning_robot/lib/pkgconfig/path_planning_robot.pc'
[9.331s] Level 1:colcon.colcon_core.environment:checking '/home/tayya/path_planning_Astar/install/path_planning_robot/lib/python3.10/site-packages'
[9.331s] Level 1:colcon.colcon_core.environment:checking '/home/tayya/path_planning_Astar/install/path_planning_robot/bin'
[9.332s] INFO:colcon.colcon_core.shell:Creating package script '/home/tayya/path_planning_Astar/install/path_planning_robot/share/path_planning_robot/package.ps1'
[9.333s] INFO:colcon.colcon_core.shell:Creating package descriptor '/home/tayya/path_planning_Astar/install/path_planning_robot/share/path_planning_robot/package.dsv'
[9.333s] INFO:colcon.colcon_core.shell:Creating package script '/home/tayya/path_planning_Astar/install/path_planning_robot/share/path_planning_robot/package.sh'
[9.334s] INFO:colcon.colcon_core.shell:Creating package script '/home/tayya/path_planning_Astar/install/path_planning_robot/share/path_planning_robot/package.bash'
[9.335s] INFO:colcon.colcon_core.shell:Creating package script '/home/tayya/path_planning_Astar/install/path_planning_robot/share/path_planning_robot/package.zsh'
[9.336s] Level 1:colcon.colcon_core.environment:create_file_with_runtime_dependencies(/home/tayya/path_planning_Astar/install/path_planning_robot/share/colcon-core/packages/path_planning_robot)
[9.336s] Level 1:colcon.colcon_core.environment:create_environment_scripts_only(path_planning_robot)
[9.336s] Level 1:colcon.colcon_core.environment:checking '/home/tayya/path_planning_Astar/install/path_planning_robot' for CMake module files
[9.337s] Level 1:colcon.colcon_core.environment:checking '/home/tayya/path_planning_Astar/install/path_planning_robot' for CMake config files
[9.337s] Level 1:colcon.colcon_core.shell:create_environment_hook('path_planning_robot', 'cmake_prefix_path')
[9.337s] INFO:colcon.colcon_core.shell:Creating environment hook '/home/tayya/path_planning_Astar/install/path_planning_robot/share/path_planning_robot/hook/cmake_prefix_path.ps1'
[9.337s] INFO:colcon.colcon_core.shell:Creating environment descriptor '/home/tayya/path_planning_Astar/install/path_planning_robot/share/path_planning_robot/hook/cmake_prefix_path.dsv'
[9.338s] INFO:colcon.colcon_core.shell:Creating environment hook '/home/tayya/path_planning_Astar/install/path_planning_robot/share/path_planning_robot/hook/cmake_prefix_path.sh'
[9.338s] Level 1:colcon.colcon_core.environment:checking '/home/tayya/path_planning_Astar/install/path_planning_robot/lib'
[9.338s] Level 1:colcon.colcon_core.environment:checking '/home/tayya/path_planning_Astar/install/path_planning_robot/bin'
[9.339s] Level 1:colcon.colcon_core.environment:checking '/home/tayya/path_planning_Astar/install/path_planning_robot/lib/pkgconfig/path_planning_robot.pc'
[9.339s] Level 1:colcon.colcon_core.environment:checking '/home/tayya/path_planning_Astar/install/path_planning_robot/lib/python3.10/site-packages'
[9.339s] Level 1:colcon.colcon_core.environment:checking '/home/tayya/path_planning_Astar/install/path_planning_robot/bin'
[9.339s] INFO:colcon.colcon_core.shell:Creating package script '/home/tayya/path_planning_Astar/install/path_planning_robot/share/path_planning_robot/package.ps1'
[9.340s] INFO:colcon.colcon_core.shell:Creating package descriptor '/home/tayya/path_planning_Astar/install/path_planning_robot/share/path_planning_robot/package.dsv'
[9.340s] INFO:colcon.colcon_core.shell:Creating package script '/home/tayya/path_planning_Astar/install/path_planning_robot/share/path_planning_robot/package.sh'
[9.340s] INFO:colcon.colcon_core.shell:Creating package script '/home/tayya/path_planning_Astar/install/path_planning_robot/share/path_planning_robot/package.bash'
[9.341s] INFO:colcon.colcon_core.shell:Creating package script '/home/tayya/path_planning_Astar/install/path_planning_robot/share/path_planning_robot/package.zsh'
[9.341s] Level 1:colcon.colcon_core.environment:create_file_with_runtime_dependencies(/home/tayya/path_planning_Astar/install/path_planning_robot/share/colcon-core/packages/path_planning_robot)
[9.341s] DEBUG:colcon.colcon_parallel_executor.executor.parallel:closing loop
[9.342s] DEBUG:colcon.colcon_parallel_executor.executor.parallel:loop closed
[9.342s] DEBUG:colcon.colcon_parallel_executor.executor.parallel:run_until_complete finished with '0'
[9.342s] DEBUG:colcon.colcon_core.event_reactor:joining thread
[9.347s] INFO:colcon.colcon_core.plugin_system:Skipping extension 'colcon_notification.desktop_notification.terminal_notifier': Not used on non-Darwin systems
[9.347s] INFO:colcon.colcon_core.plugin_system:Skipping extension 'colcon_notification.desktop_notification.win32': Not used on non-Windows systems
[9.347s] INFO:colcon.colcon_notification.desktop_notification:Sending desktop notification using 'notify2'
[9.367s] DEBUG:colcon.colcon_core.event_reactor:joined thread
[9.367s] INFO:colcon.colcon_core.shell:Creating prefix script '/home/tayya/path_planning_Astar/install/local_setup.ps1'
[9.368s] INFO:colcon.colcon_core.shell:Creating prefix util module '/home/tayya/path_planning_Astar/install/_local_setup_util_ps1.py'
[9.369s] INFO:colcon.colcon_core.shell:Creating prefix chain script '/home/tayya/path_planning_Astar/install/setup.ps1'
[9.371s] INFO:colcon.colcon_core.shell:Creating prefix script '/home/tayya/path_planning_Astar/install/local_setup.sh'
[9.372s] INFO:colcon.colcon_core.shell:Creating prefix util module '/home/tayya/path_planning_Astar/install/_local_setup_util_sh.py'
[9.373s] INFO:colcon.colcon_core.shell:Creating prefix chain script '/home/tayya/path_planning_Astar/install/setup.sh'
[9.374s] INFO:colcon.colcon_core.shell:Creating prefix script '/home/tayya/path_planning_Astar/install/local_setup.bash'
[9.375s] INFO:colcon.colcon_core.shell:Creating prefix chain script '/home/tayya/path_planning_Astar/install/setup.bash'
[9.376s] INFO:colcon.colcon_core.shell:Creating prefix script '/home/tayya/path_planning_Astar/install/local_setup.zsh'
[9.377s] INFO:colcon.colcon_core.shell:Creating prefix chain script '/home/tayya/path_planning_Astar/install/setup.zsh'
