[35m[1mConsolidate compiler generated dependencies of target a_star_planner[0m
[ 25%] [32mBuilding CXX object CMakeFiles/occupancy_map_publisher.dir/src/occupancy_map_publisher.cpp.o[0m
[ 50%] [32mBuilding CXX object CMakeFiles/a_star_planner.dir/src/a_star_planner.cpp.o[0m
[ 75%] [32m[1mLinking CXX executable occupancy_map_publisher[0m
[ 75%] Built target occupancy_map_publisher
[100%] [32m[1mLinking CXX executable a_star_planner[0m
[100%] Built target a_star_planner
-- Install configuration: ""
-- Installing: /home/tayya/path_planning_Astar/install/path_planning_robot/lib/path_planning_robot/occupancy_map_publisher
-- Set runtime path of "/home/tayya/path_planning_Astar/install/path_planning_robot/lib/path_planning_robot/occupancy_map_publisher" to ""
-- Installing: /home/tayya/path_planning_Astar/install/path_planning_robot/lib/path_planning_robot/a_star_planner
-- Set runtime path of "/home/tayya/path_planning_Astar/install/path_planning_robot/lib/path_planning_robot/a_star_planner" to ""
-- Up-to-date: /home/tayya/path_planning_Astar/install/path_planning_robot/share/path_planning_robot//launch
-- Up-to-date: /home/tayya/path_planning_Astar/install/path_planning_robot/share/path_planning_robot//launch/map_publisher.launch.py
-- Up-to-date: /home/tayya/path_planning_Astar/install/path_planning_robot/share/path_planning_robot//config
-- Up-to-date: /home/tayya/path_planning_Astar/install/path_planning_robot/share/path_planning_robot//config/rviz
-- Up-to-date: /home/tayya/path_planning_Astar/install/path_planning_robot/share/path_planning_robot//config/rviz/map_view.rviz
-- Up-to-date: /home/tayya/path_planning_Astar/install/path_planning_robot/share/ament_index/resource_index/package_run_dependencies/path_planning_robot
-- Up-to-date: /home/tayya/path_planning_Astar/install/path_planning_robot/share/ament_index/resource_index/parent_prefix_path/path_planning_robot
-- Up-to-date: /home/tayya/path_planning_Astar/install/path_planning_robot/share/path_planning_robot/environment/ament_prefix_path.sh
-- Up-to-date: /home/tayya/path_planning_Astar/install/path_planning_robot/share/path_planning_robot/environment/ament_prefix_path.dsv
-- Up-to-date: /home/tayya/path_planning_Astar/install/path_planning_robot/share/path_planning_robot/environment/path.sh
-- Up-to-date: /home/tayya/path_planning_Astar/install/path_planning_robot/share/path_planning_robot/environment/path.dsv
-- Up-to-date: /home/tayya/path_planning_Astar/install/path_planning_robot/share/path_planning_robot/local_setup.bash
-- Up-to-date: /home/tayya/path_planning_Astar/install/path_planning_robot/share/path_planning_robot/local_setup.sh
-- Up-to-date: /home/tayya/path_planning_Astar/install/path_planning_robot/share/path_planning_robot/local_setup.zsh
-- Up-to-date: /home/tayya/path_planning_Astar/install/path_planning_robot/share/path_planning_robot/local_setup.dsv
-- Installing: /home/tayya/path_planning_Astar/install/path_planning_robot/share/path_planning_robot/package.dsv
-- Up-to-date: /home/tayya/path_planning_Astar/install/path_planning_robot/share/ament_index/resource_index/packages/path_planning_robot
-- Up-to-date: /home/tayya/path_planning_Astar/install/path_planning_robot/share/path_planning_robot/cmake/path_planning_robotConfig.cmake
-- Up-to-date: /home/tayya/path_planning_Astar/install/path_planning_robot/share/path_planning_robot/cmake/path_planning_robotConfig-version.cmake
-- Up-to-date: /home/tayya/path_planning_Astar/install/path_planning_robot/share/path_planning_robot/package.xml
